#
# A fatal error has been detected by the Java Runtime Environment:
#
#  SIGSEGV (0xb) at pc=0x0000000105f7f594, pid=604, tid=0x0000000000004203
#
# JRE version: Java(TM) SE Runtime Environment (8.0_101-b13) (build 1.8.0_101-b13)
# Java VM: Java HotSpot(TM) 64-Bit Server VM (25.101-b13 mixed mode bsd-amd64 compressed oops)
# Problematic frame:
# V  [libjvm.dylib+0x44c594]  Method::checked_resolve_jmethod_id(_jmethodID*)+0xe
#
# Failed to write core dump. Core dumps have been disabled. To enable core dumping, try "ulimit -c unlimited" before starting Java again
#
# If you would like to submit a bug report, please visit:
#   http://bugreport.java.com/bugreport/crash.jsp
#

---------------  T H R E A D  ---------------

Current thread (0x00007feda500f800):  JavaThread "JDWP Transport Listener: dt_socket" daemon [_thread_in_vm, id=16899, stack(0x0000700010443000,0x0000700010543000)]

siginfo: si_signo: 11 (SIGSEGV), si_code: 0 (unknown), si_addr: 0x0000000000000000

Registers:
RAX=0x0000000000000001, RBX=0x0000700010542a8b, RCX=0x0000000106352360, RDX=0x0000700010542a8b
RSP=0x00007000105429d0, RBP=0x00007000105429e0, RSI=0x00007feda500f800, RDI=0x6000000000000000
R8 =0x0000000000000000, R9 =0x00007feda4650460, R10=0x0000000000000001, R11=0x0000000000000001
R12=0x00007feda500f800, R13=0x6000000000000000, R14=0x6000000000000000, R15=0x00007feda4601be0
RIP=0x0000000105f7f594, EFLAGS=0x0000000000010206, ERR=0x0000000000000000
  TRAPNO=0x000000000000000d

Top of Stack: (sp=0x00007000105429d0)
0x00007000105429d0:   0000700010542a8b 0000700010542a8b
0x00007000105429e0:   0000700010542a40 0000000105e8b0d2
0x00007000105429f0:   00007feda500f800 0000000000000000
0x0000700010542a00:   0000000000000000 0000000000000000
0x0000700010542a10:   00007feda500f800 00007feda500f800
0x0000700010542a20:   0000700010542a8b 0000700010542a90
0x0000700010542a30:   6000000000000000 0000000000000012
0x0000700010542a40:   0000700010542a60 0000000106b34780
0x0000700010542a50:   0000000000000001 0000700010542b08
0x0000700010542a60:   0000700010542ad0 0000000106b191f3
0x0000700010542a70:   0000700010542aa0 00007feda4650920
0x0000700010542a80:   0000001300000032 f000100a01542b08
0x0000700010542a90:   0000000000000000 0000000000000000
0x0000700010542aa0:   0000000000000000 0000700010542c90
0x0000700010542ab0:   0000000106b3be7a 00007feda4454370
0x0000700010542ac0:   0000700010542b08 0000000106b47598
0x0000700010542ad0:   0000700010542ae0 0000000106b192ec
0x0000700010542ae0:   0000700010542d00 0000000106b22898
0x0000700010542af0:   000005a100000013 00000000000f0200
0x0000700010542b00:   00007feda4452ed0 00007feda8a389c6
0x0000700010542b10:   00007fed000002ea 00007feda4650440
0x0000700010542b20:   00007fed0000012c 0000700010542b58
0x0000700010542b30:   00007feda4650d40 0000000000000000
0x0000700010542b40:   000005a10000001c 0000000000000080
0x0000700010542b50:   0000700010542b58 ed7f000013000000
0x0000700010542b60:   08000000f80365a4 34246164626d616c
0x0000700010542b70:   73774c281c000000 2f68706172672f63
0x0000700010542b80:   4f65636976726553 56293b7475707475
0x0000700010542b90:   0a1000f000000000 e0b662a4ed7f0000
0x0000700010542ba0:   7574657305000000 654c282900000070
0x0000700010542bb0:   74756c6f76452f63 65746174536e6f69
0x0000700010542bc0:   6974752f63654c3b 656d617261502f6c 

Instructions: (pc=0x0000000105f7f594)
0x0000000105f7f574:   40 48 48 85 c0 75 e0 30 c0 0f b6 c0 5d c3 31 c0
0x0000000105f7f584:   5d c3 55 48 89 e5 53 48 83 ec 08 48 85 ff 74 24
0x0000000105f7f594:   48 8b 1f 48 85 db 74 1c 48 83 fb 37 74 16 48 8b
0x0000000105f7f5a4:   03 48 89 df ff 50 10 84 c0 b8 00 00 00 00 48 0f 

Register to memory mapping:

RAX=0x0000000000000001 is an unknown value
RBX=0x0000700010542a8b is pointing into the stack for thread: 0x00007feda500f800
RCX=0x0000000106352360: UseMembar+0 in /Library/Java/JavaVirtualMachines/jdk1.8.0_101.jdk/Contents/Home/jre/lib/server/libjvm.dylib at 0x0000000105b33000
RDX=0x0000700010542a8b is pointing into the stack for thread: 0x00007feda500f800
RSP=0x00007000105429d0 is pointing into the stack for thread: 0x00007feda500f800
RBP=0x00007000105429e0 is pointing into the stack for thread: 0x00007feda500f800
RSI=0x00007feda500f800 is a thread
RDI=0x6000000000000000 is an unknown value
R8 =0x0000000000000000 is an unknown value
R9 =0x00007feda4650460 is an unknown value
R10=0x0000000000000001 is an unknown value
R11=0x0000000000000001 is an unknown value
R12=0x00007feda500f800 is a thread
R13=0x6000000000000000 is an unknown value
R14=0x6000000000000000 is an unknown value
R15=0x00007feda4601be0 is an unknown value


Stack: [0x0000700010443000,0x0000700010543000],  sp=0x00007000105429d0,  free space=1022k
Native frames: (J=compiled Java code, j=interpreted, Vv=VM code, C=native code)
V  [libjvm.dylib+0x44c594]  Method::checked_resolve_jmethod_id(_jmethodID*)+0xe
V  [libjvm.dylib+0x3580d2]  jvmti_IsMethodSynthetic+0xb2
C  [libjdwp.dylib+0x20780]  isMethodSynthetic+0x63
C  [libjdwp.dylib+0x51f3]  methods1+0x10b
C  [libjdwp.dylib+0x52ec]  methodsWithGeneric+0xe
C  [libjdwp.dylib+0xe898]  debugLoop_run+0x1ce
C  [libjdwp.dylib+0x1f6ba]  attachThread+0x4d
V  [libjvm.dylib+0x399438]  JvmtiAgentThread::call_start_function()+0x38
V  [libjvm.dylib+0x5695ab]  JavaThread::thread_main_inner()+0x9b
V  [libjvm.dylib+0x56ac98]  JavaThread::run()+0x1c2
V  [libjvm.dylib+0x48933a]  java_start(Thread*)+0xf6
C  [libsystem_pthread.dylib+0x3aab]  _pthread_body+0xb4
C  [libsystem_pthread.dylib+0x39f7]  _pthread_body+0x0
C  [libsystem_pthread.dylib+0x31fd]  thread_start+0xd
C  0x0000000000000000


---------------  P R O C E S S  ---------------

Java Threads: ( => current thread )
  0x00007feda6019800 JavaThread "Service Thread" daemon [_thread_blocked, id=19971, stack(0x0000700010a55000,0x0000700010b55000)]
  0x00007feda4815800 JavaThread "C1 CompilerThread2" daemon [_thread_blocked, id=19459, stack(0x0000700010952000,0x0000700010a52000)]
  0x00007feda600e800 JavaThread "C2 CompilerThread1" daemon [_thread_blocked, id=18947, stack(0x000070001084f000,0x000070001094f000)]
  0x00007feda600e000 JavaThread "C2 CompilerThread0" daemon [_thread_blocked, id=18435, stack(0x000070001074c000,0x000070001084c000)]
  0x00007feda501d800 JavaThread "JDWP Command Reader" daemon [_thread_in_native, id=17923, stack(0x0000700010649000,0x0000700010749000)]
  0x00007feda4813000 JavaThread "JDWP Event Helper Thread" daemon [_thread_blocked, id=17411, stack(0x0000700010546000,0x0000700010646000)]
=>0x00007feda500f800 JavaThread "JDWP Transport Listener: dt_socket" daemon [_thread_in_vm, id=16899, stack(0x0000700010443000,0x0000700010543000)]
  0x00007feda4834000 JavaThread "Signal Dispatcher" daemon [_thread_blocked, id=16387, stack(0x0000700010340000,0x0000700010440000)]
  0x00007feda5009000 JavaThread "Finalizer" daemon [_thread_blocked, id=12547, stack(0x000070001023d000,0x000070001033d000)]
  0x00007feda480a000 JavaThread "Reference Handler" daemon [_thread_blocked, id=12035, stack(0x000070001013a000,0x000070001023a000)]
  0x00007feda6002000 JavaThread "main" [_thread_blocked, id=3587, stack(0x000070000f99f000,0x000070000fa9f000)]

Other Threads:
  0x00007feda5006800 VMThread [stack: 0x0000700010037000,0x0000700010137000] [id=11523]
  0x00007feda5040800 WatcherThread [stack: 0x0000700010b58000,0x0000700010c58000] [id=20483]

VM state:not at safepoint (normal execution)

VM Mutex/Monitor currently owned by a thread: None

Heap:
 PSYoungGen      total 38400K, used 22695K [0x0000000795580000, 0x0000000798000000, 0x00000007c0000000)
  eden space 33280K, 68% used [0x0000000795580000,0x0000000796ba9f80,0x0000000797600000)
  from space 5120K, 0% used [0x0000000797b00000,0x0000000797b00000,0x0000000798000000)
  to   space 5120K, 0% used [0x0000000797600000,0x0000000797600000,0x0000000797b00000)
 ParOldGen       total 87552K, used 0K [0x0000000740000000, 0x0000000745580000, 0x0000000795580000)
  object space 87552K, 0% used [0x0000000740000000,0x0000000740000000,0x0000000745580000)
 Metaspace       used 9850K, capacity 9968K, committed 10240K, reserved 1058816K
  class space    used 1146K, capacity 1210K, committed 1280K, reserved 1048576K

Card table byte_map: [0x00000001169c0000,0x0000000116dc1000] byte_map_base: 0x0000000112fc0000

Marking Bits: (ParMarkBitMap*) 0x0000000106420d20
 Begin Bits: [0x000000011706c000, 0x000000011906c000)
 End Bits:   [0x000000011906c000, 0x000000011b06c000)

Polling page: 0x0000000106b13000

CodeCache: size=245760Kb used=3325Kb max_used=3336Kb free=242434Kb
 bounds [0x0000000107600000, 0x0000000107950000, 0x0000000116600000]
 total_blobs=1168 nmethods=845 adapters=245
 compilation: enabled

Compilation events (10 events):
Event: 417.006 Thread 0x00007feda4815800  843       3       java.util.Locale::hashCode (41 bytes)
Event: 417.006 Thread 0x00007feda4815800 nmethod 843 0x000000010790f710 code [0x000000010790f8a0, 0x000000010790fc18]
Event: 417.007 Thread 0x00007feda4815800  844       3       java.util.Formatter$FormatSpecifier::localizedMagnitude (327 bytes)
Event: 417.009 Thread 0x00007feda4815800 nmethod 844 0x000000010790bfd0 code [0x000000010790c320, 0x000000010790e188]
Event: 417.010 Thread 0x00007feda4815800  845       3       java.util.regex.Matcher::getTextLength (10 bytes)
Event: 417.010 Thread 0x00007feda4815800 nmethod 845 0x000000010790bb90 code [0x000000010790bd00, 0x000000010790bf28]
Event: 417.010 Thread 0x00007feda4815800  846       3       java.util.regex.Matcher::find (35 bytes)
Event: 417.010 Thread 0x00007feda4815800 nmethod 846 0x000000010790b290 code [0x000000010790b440, 0x000000010790b9d8]
Event: 417.010 Thread 0x00007feda4815800  847       1       java.util.Formatter::access$300 (5 bytes)
Event: 417.010 Thread 0x00007feda4815800 nmethod 847 0x000000010790afd0 code [0x000000010790b120, 0x000000010790b210]

GC Heap History (0 events):
No events

Deoptimization events (5 events):
Event: 2.212 Thread 0x00007feda6002000 Uncommon trap: reason=bimorphic action=maybe_recompile pc=0x0000000107810660 method=java.util.HashMap.getNode(ILjava/lang/Object;)Ljava/util/HashMap$Node; @ 126
Event: 2.213 Thread 0x00007feda6002000 Uncommon trap: reason=bimorphic action=maybe_recompile pc=0x0000000107810660 method=java.util.HashMap.getNode(ILjava/lang/Object;)Ljava/util/HashMap$Node; @ 126
Event: 2.213 Thread 0x00007feda6002000 Uncommon trap: reason=bimorphic action=maybe_recompile pc=0x0000000107810660 method=java.util.HashMap.getNode(ILjava/lang/Object;)Ljava/util/HashMap$Node; @ 126
Event: 2.219 Thread 0x00007feda6002000 Uncommon trap: reason=bimorphic action=maybe_recompile pc=0x0000000107810660 method=java.util.HashMap.getNode(ILjava/lang/Object;)Ljava/util/HashMap$Node; @ 126
Event: 2.221 Thread 0x00007feda6002000 Uncommon trap: reason=bimorphic action=maybe_recompile pc=0x00000001077dd8d0 method=java.util.HashMap.getNode(ILjava/lang/Object;)Ljava/util/HashMap$Node; @ 126

Internal exceptions (10 events):
Event: 1.582 Thread 0x00007feda6002000 Exception <a 'java/lang/NullPointerException'> (0x000000079595f440) thrown at [/HUDSON3/workspace/8-2-build-macosx-x86_64/jdk8u101/7261/hotspot/src/share/vm/interpreter/linkResolver.cpp, line 1280]
Event: 1.681 Thread 0x00007feda6002000 Exception <a 'java/lang/ArrayIndexOutOfBoundsException'> (0x0000000795995440) thrown at [/HUDSON3/workspace/8-2-build-macosx-x86_64/jdk8u101/7261/hotspot/src/share/vm/runtime/sharedRuntime.cpp, line 605]
Event: 1.682 Thread 0x00007feda6002000 Exception <a 'java/lang/ArrayIndexOutOfBoundsException'> (0x0000000795996258) thrown at [/HUDSON3/workspace/8-2-build-macosx-x86_64/jdk8u101/7261/hotspot/src/share/vm/runtime/sharedRuntime.cpp, line 605]
Event: 1.682 Thread 0x00007feda6002000 Exception <a 'java/lang/ArrayIndexOutOfBoundsException'> (0x0000000795997160) thrown at [/HUDSON3/workspace/8-2-build-macosx-x86_64/jdk8u101/7261/hotspot/src/share/vm/runtime/sharedRuntime.cpp, line 605]
Event: 1.684 Thread 0x00007feda6002000 Exception <a 'java/lang/ArrayIndexOutOfBoundsException'> (0x0000000795999f90) thrown at [/HUDSON3/workspace/8-2-build-macosx-x86_64/jdk8u101/7261/hotspot/src/share/vm/runtime/sharedRuntime.cpp, line 605]
Event: 1.684 Thread 0x00007feda6002000 Exception <a 'java/lang/ArrayIndexOutOfBoundsException'> (0x000000079599b008) thrown at [/HUDSON3/workspace/8-2-build-macosx-x86_64/jdk8u101/7261/hotspot/src/share/vm/runtime/sharedRuntime.cpp, line 605]
Event: 1.685 Thread 0x00007feda6002000 Exception <a 'java/lang/ArrayIndexOutOfBoundsException'> (0x000000079599bf98) thrown at [/HUDSON3/workspace/8-2-build-macosx-x86_64/jdk8u101/7261/hotspot/src/share/vm/runtime/sharedRuntime.cpp, line 605]
Event: 1.707 Thread 0x00007feda6002000 Exception <a 'java/lang/ArrayIndexOutOfBoundsException'> (0x00000007959be6b8) thrown at [/HUDSON3/workspace/8-2-build-macosx-x86_64/jdk8u101/7261/hotspot/src/share/vm/runtime/sharedRuntime.cpp, line 605]
Event: 2.043 Thread 0x00007feda6002000 Exception <a 'java/lang/NoSuchFieldError': method resolution failed> (0x0000000795d4dc38) thrown at [/HUDSON3/workspace/8-2-build-macosx-x86_64/jdk8u101/7261/hotspot/src/share/vm/prims/methodHandles.cpp, line 1146]
Event: 2.045 Thread 0x00007feda6002000 Exception <a 'java/lang/NoSuchFieldError': method resolution failed> (0x0000000795d5af58) thrown at [/HUDSON3/workspace/8-2-build-macosx-x86_64/jdk8u101/7261/hotspot/src/share/vm/prims/methodHandles.cpp, line 1146]

Events (10 events):
Event: 554.030 Executing VM operation: GetCurrentLocation
Event: 554.030 Executing VM operation: GetCurrentLocation done
Event: 554.030 Executing VM operation: EnterInterpOnlyMode
Event: 554.030 Executing VM operation: EnterInterpOnlyMode done
Event: 554.030 Executing VM operation: ChangeSingleStep
Event: 554.030 Executing VM operation: ChangeSingleStep done
Event: 554.030 Executing VM operation: ChangeSingleStep
Event: 554.030 Executing VM operation: ChangeSingleStep done
Event: 554.042 Executing VM operation: RedefineClasses
Event: 554.049 Executing VM operation: RedefineClasses done


Dynamic libraries:
0x000000003d2bd000 	/System/Library/Frameworks/Cocoa.framework/Versions/A/Cocoa
0x000000003d2bd000 	/System/Library/Frameworks/Security.framework/Versions/A/Security
0x000000003d2bd000 	/System/Library/Frameworks/ApplicationServices.framework/Versions/A/ApplicationServices
0x000000003d2bd000 	/usr/lib/libz.1.dylib
0x000000003d2bd000 	/usr/lib/libSystem.B.dylib
0x000000003d2bd000 	/usr/lib/libobjc.A.dylib
0x000000003d2bd000 	/System/Library/Frameworks/CoreFoundation.framework/Versions/A/CoreFoundation
0x000000003d2bd000 	/System/Library/Frameworks/Foundation.framework/Versions/C/Foundation
0x000000003d2bd000 	/System/Library/Frameworks/AppKit.framework/Versions/C/AppKit
0x000000003d2bd000 	/System/Library/Frameworks/CoreData.framework/Versions/A/CoreData
0x000000003d2bd000 	/System/Library/PrivateFrameworks/RemoteViewServices.framework/Versions/A/RemoteViewServices
0x000000003d2bd000 	/System/Library/PrivateFrameworks/UIFoundation.framework/Versions/A/UIFoundation
0x000000003d2bd000 	/System/Library/PrivateFrameworks/DFRFoundation.framework/Versions/A/DFRFoundation
0x000000003d2bd000 	/usr/lib/libenergytrace.dylib
0x000000003d2bd000 	/System/Library/PrivateFrameworks/SkyLight.framework/Versions/A/SkyLight
0x000000003d2bd000 	/System/Library/Frameworks/CoreGraphics.framework/Versions/A/CoreGraphics
0x000000003d2bd000 	/usr/lib/libScreenReader.dylib
0x000000003d2bd000 	/System/Library/Frameworks/Accelerate.framework/Versions/A/Accelerate
0x000000003d2bd000 	/System/Library/Frameworks/IOSurface.framework/Versions/A/IOSurface
0x000000003d2bd000 	/System/Library/Frameworks/AudioToolbox.framework/Versions/A/AudioToolbox
0x000000003d2bd000 	/System/Library/Frameworks/AudioUnit.framework/Versions/A/AudioUnit
0x000000003d2bd000 	/System/Library/PrivateFrameworks/DataDetectorsCore.framework/Versions/A/DataDetectorsCore
0x000000003d2bd000 	/System/Library/PrivateFrameworks/DesktopServicesPriv.framework/Versions/A/DesktopServicesPriv
0x000000003d2bd000 	/System/Library/Frameworks/Carbon.framework/Versions/A/Frameworks/HIToolbox.framework/Versions/A/HIToolbox
0x000000003d2bd000 	/usr/lib/libicucore.A.dylib
0x000000003d2bd000 	/System/Library/Frameworks/QuartzCore.framework/Versions/A/QuartzCore
0x000000003d2bd000 	/System/Library/Frameworks/Carbon.framework/Versions/A/Frameworks/SpeechRecognition.framework/Versions/A/SpeechRecognition
0x000000003d2bd000 	/usr/lib/libauto.dylib
0x000000003d2bd000 	/usr/lib/libxml2.2.dylib
0x000000003d2bd000 	/System/Library/PrivateFrameworks/CoreUI.framework/Versions/A/CoreUI
0x000000003d2bd000 	/System/Library/Frameworks/CoreAudio.framework/Versions/A/CoreAudio
0x000000003d2bd000 	/System/Library/Frameworks/DiskArbitration.framework/Versions/A/DiskArbitration
0x000000003d2bd000 	/usr/lib/liblangid.dylib
0x000000003d2bd000 	/System/Library/PrivateFrameworks/MultitouchSupport.framework/Versions/A/MultitouchSupport
0x000000003d2bd000 	/System/Library/Frameworks/IOKit.framework/Versions/A/IOKit
0x000000003d2bd000 	/usr/lib/libDiagnosticMessagesClient.dylib
0x000000003d2bd000 	/System/Library/Frameworks/CoreServices.framework/Versions/A/CoreServices
0x000000003d2bd000 	/System/Library/PrivateFrameworks/PerformanceAnalysis.framework/Versions/A/PerformanceAnalysis
0x000000003d2bd000 	/System/Library/PrivateFrameworks/GenerationalStorage.framework/Versions/A/GenerationalStorage
0x000000003d2bd000 	/System/Library/Frameworks/OpenGL.framework/Versions/A/OpenGL
0x000000003d2bd000 	/System/Library/Frameworks/CoreImage.framework/Versions/A/CoreImage
0x000000003d2bd000 	/System/Library/Frameworks/CoreText.framework/Versions/A/CoreText
0x000000003d2bd000 	/System/Library/Frameworks/ImageIO.framework/Versions/A/ImageIO
0x000000003d2bd000 	/System/Library/PrivateFrameworks/Backup.framework/Versions/A/Backup
0x000000003d2bd000 	/usr/lib/libarchive.2.dylib
0x000000003d2bd000 	/System/Library/Frameworks/CFNetwork.framework/Versions/A/CFNetwork
0x000000003d2bd000 	/System/Library/Frameworks/SystemConfiguration.framework/Versions/A/SystemConfiguration
0x000000003d2bd000 	/usr/lib/libCRFSuite.dylib
0x000000003d2bd000 	/usr/lib/libc++.1.dylib
0x000000003d2bd000 	/usr/lib/libc++abi.dylib
0x000000003d2bd000 	/usr/lib/system/libcache.dylib
0x000000003d2bd000 	/usr/lib/system/libcommonCrypto.dylib
0x000000003d2bd000 	/usr/lib/system/libcompiler_rt.dylib
0x000000003d2bd000 	/usr/lib/system/libcopyfile.dylib
0x000000003d2bd000 	/usr/lib/system/libcorecrypto.dylib
0x000000003d2bd000 	/usr/lib/system/libdispatch.dylib
0x000000003d2bd000 	/usr/lib/system/libdyld.dylib
0x000000003d2bd000 	/usr/lib/system/libkeymgr.dylib
0x000000003d2bd000 	/usr/lib/system/liblaunch.dylib
0x000000003d2bd000 	/usr/lib/system/libmacho.dylib
0x000000003d2bd000 	/usr/lib/system/libquarantine.dylib
0x000000003d2bd000 	/usr/lib/system/libremovefile.dylib
0x000000003d2bd000 	/usr/lib/system/libsystem_asl.dylib
0x000000003d2bd000 	/usr/lib/system/libsystem_blocks.dylib
0x000000003d2bd000 	/usr/lib/system/libsystem_c.dylib
0x000000003d2bd000 	/usr/lib/system/libsystem_configuration.dylib
0x000000003d2bd000 	/usr/lib/system/libsystem_coreservices.dylib
0x000000003d2bd000 	/usr/lib/system/libsystem_coretls.dylib
0x000000003d2bd000 	/usr/lib/system/libsystem_dnssd.dylib
0x000000003d2bd000 	/usr/lib/system/libsystem_info.dylib
0x000000003d2bd000 	/usr/lib/system/libsystem_kernel.dylib
0x000000003d2bd000 	/usr/lib/system/libsystem_m.dylib
0x000000003d2bd000 	/usr/lib/system/libsystem_malloc.dylib
0x000000003d2bd000 	/usr/lib/system/libsystem_network.dylib
0x000000003d2bd000 	/usr/lib/system/libsystem_networkextension.dylib
0x000000003d2bd000 	/usr/lib/system/libsystem_notify.dylib
0x000000003d2bd000 	/usr/lib/system/libsystem_platform.dylib
0x000000003d2bd000 	/usr/lib/system/libsystem_pthread.dylib
0x000000003d2bd000 	/usr/lib/system/libsystem_sandbox.dylib
0x000000003d2bd000 	/usr/lib/system/libsystem_secinit.dylib
0x000000003d2bd000 	/usr/lib/system/libsystem_symptoms.dylib
0x000000003d2bd000 	/usr/lib/system/libsystem_trace.dylib
0x000000003d2bd000 	/usr/lib/system/libunwind.dylib
0x000000003d2bd000 	/usr/lib/system/libxpc.dylib
0x000000003d2bd000 	/usr/lib/libbsm.0.dylib
0x000000003d2bd000 	/usr/lib/system/libkxld.dylib
0x000000003d2bd000 	/usr/lib/libcoretls.dylib
0x000000003d2bd000 	/usr/lib/libcoretls_cfhelpers.dylib
0x000000003d2bd000 	/usr/lib/libxar.1.dylib
0x000000003d2bd000 	/usr/lib/libsqlite3.dylib
0x000000003d2bd000 	/usr/lib/libpam.2.dylib
0x000000003d2bd000 	/usr/lib/libOpenScriptingUtil.dylib
0x000000003d2bd000 	/usr/lib/libbz2.1.0.dylib
0x000000003d2bd000 	/usr/lib/liblzma.5.dylib
0x000000003d2bd000 	/usr/lib/libnetwork.dylib
0x000000003d2bd000 	/usr/lib/libpcap.A.dylib
0x000000003d2bd000 	/System/Library/Frameworks/CoreServices.framework/Versions/A/Frameworks/FSEvents.framework/Versions/A/FSEvents
0x000000003d2bd000 	/System/Library/Frameworks/CoreServices.framework/Versions/A/Frameworks/CarbonCore.framework/Versions/A/CarbonCore
0x000000003d2bd000 	/System/Library/Frameworks/CoreServices.framework/Versions/A/Frameworks/Metadata.framework/Versions/A/Metadata
0x000000003d2bd000 	/System/Library/Frameworks/CoreServices.framework/Versions/A/Frameworks/OSServices.framework/Versions/A/OSServices
0x000000003d2bd000 	/System/Library/Frameworks/CoreServices.framework/Versions/A/Frameworks/SearchKit.framework/Versions/A/SearchKit
0x000000003d2bd000 	/System/Library/Frameworks/CoreServices.framework/Versions/A/Frameworks/AE.framework/Versions/A/AE
0x000000003d2bd000 	/System/Library/Frameworks/CoreServices.framework/Versions/A/Frameworks/LaunchServices.framework/Versions/A/LaunchServices
0x000000003d2bd000 	/System/Library/Frameworks/CoreServices.framework/Versions/A/Frameworks/DictionaryServices.framework/Versions/A/DictionaryServices
0x000000003d2bd000 	/System/Library/Frameworks/CoreServices.framework/Versions/A/Frameworks/SharedFileList.framework/Versions/A/SharedFileList
0x000000003d2bd000 	/System/Library/Frameworks/NetFS.framework/Versions/A/NetFS
0x000000003d2bd000 	/System/Library/PrivateFrameworks/NetAuth.framework/Versions/A/NetAuth
0x000000003d2bd000 	/System/Library/PrivateFrameworks/login.framework/Versions/A/Frameworks/loginsupport.framework/Versions/A/loginsupport
0x000000003d2bd000 	/System/Library/PrivateFrameworks/TCC.framework/Versions/A/TCC
0x000000003d2bd000 	/usr/lib/libmecabra.dylib
0x000000003d2bd000 	/System/Library/Frameworks/ApplicationServices.framework/Versions/A/Frameworks/ATS.framework/Versions/A/ATS
0x000000003d2bd000 	/System/Library/Frameworks/ApplicationServices.framework/Versions/A/Frameworks/ColorSync.framework/Versions/A/ColorSync
0x000000003d2bd000 	/System/Library/Frameworks/ApplicationServices.framework/Versions/A/Frameworks/HIServices.framework/Versions/A/HIServices
0x000000003d2bd000 	/System/Library/Frameworks/ApplicationServices.framework/Versions/A/Frameworks/LangAnalysis.framework/Versions/A/LangAnalysis
0x000000003d2bd000 	/System/Library/Frameworks/ApplicationServices.framework/Versions/A/Frameworks/PrintCore.framework/Versions/A/PrintCore
0x000000003d2bd000 	/System/Library/Frameworks/ApplicationServices.framework/Versions/A/Frameworks/QD.framework/Versions/A/QD
0x000000003d2bd000 	/System/Library/Frameworks/ApplicationServices.framework/Versions/A/Frameworks/SpeechSynthesis.framework/Versions/A/SpeechSynthesis
0x000000003d2bd000 	/System/Library/Frameworks/Accelerate.framework/Versions/A/Frameworks/vImage.framework/Versions/A/vImage
0x000000003d2bd000 	/System/Library/Frameworks/Accelerate.framework/Versions/A/Frameworks/vecLib.framework/Versions/A/vecLib
0x000000003d2bd000 	/System/Library/Frameworks/Accelerate.framework/Versions/A/Frameworks/vecLib.framework/Versions/A/libvDSP.dylib
0x000000003d2bd000 	/System/Library/Frameworks/Accelerate.framework/Versions/A/Frameworks/vecLib.framework/Versions/A/libBNNS.dylib
0x000000003d2bd000 	/System/Library/Frameworks/Accelerate.framework/Versions/A/Frameworks/vecLib.framework/Versions/A/libQuadrature.dylib
0x000000003d2bd000 	/System/Library/Frameworks/Accelerate.framework/Versions/A/Frameworks/vecLib.framework/Versions/A/libvMisc.dylib
0x000000003d2bd000 	/System/Library/Frameworks/Accelerate.framework/Versions/A/Frameworks/vecLib.framework/Versions/A/libLAPACK.dylib
0x000000003d2bd000 	/System/Library/Frameworks/Accelerate.framework/Versions/A/Frameworks/vecLib.framework/Versions/A/libBLAS.dylib
0x000000003d2bd000 	/System/Library/Frameworks/Accelerate.framework/Versions/A/Frameworks/vecLib.framework/Versions/A/libLinearAlgebra.dylib
0x000000003d2bd000 	/System/Library/Frameworks/Accelerate.framework/Versions/A/Frameworks/vecLib.framework/Versions/A/libSparseBLAS.dylib
0x000000003d2bd000 	/System/Library/Frameworks/ApplicationServices.framework/Versions/A/Frameworks/ATS.framework/Versions/A/Resources/libFontParser.dylib
0x000000003d2bd000 	/System/Library/Frameworks/ApplicationServices.framework/Versions/A/Frameworks/ATS.framework/Versions/A/Resources/libFontRegistry.dylib
0x000000003d2bd000 	/System/Library/Frameworks/ImageIO.framework/Versions/A/Resources/libJPEG.dylib
0x000000003d2bd000 	/System/Library/Frameworks/ImageIO.framework/Versions/A/Resources/libTIFF.dylib
0x000000003d2bd000 	/System/Library/Frameworks/ImageIO.framework/Versions/A/Resources/libPng.dylib
0x000000003d2bd000 	/System/Library/Frameworks/ImageIO.framework/Versions/A/Resources/libGIF.dylib
0x000000003d2bd000 	/System/Library/Frameworks/ImageIO.framework/Versions/A/Resources/libJP2.dylib
0x000000003d2bd000 	/System/Library/Frameworks/ImageIO.framework/Versions/A/Resources/libRadiance.dylib
0x000000003d2bd000 	/usr/lib/libcompression.dylib
0x000000003d2bd000 	/System/Library/PrivateFrameworks/AppleJPEG.framework/Versions/A/AppleJPEG
0x000000003d2bd000 	/usr/lib/libcups.2.dylib
0x000000003d2bd000 	/System/Library/Frameworks/Kerberos.framework/Versions/A/Kerberos
0x000000003d2bd000 	/System/Library/Frameworks/GSS.framework/Versions/A/GSS
0x000000003d2bd000 	/usr/lib/libresolv.9.dylib
0x000000003d2bd000 	/usr/lib/libiconv.2.dylib
0x000000003d2bd000 	/System/Library/PrivateFrameworks/Heimdal.framework/Versions/A/Heimdal
0x000000003d2bd000 	/usr/lib/libheimdal-asn1.dylib
0x000000003d2bd000 	/System/Library/Frameworks/OpenDirectory.framework/Versions/A/OpenDirectory
0x000000003d2bd000 	/System/Library/PrivateFrameworks/CommonAuth.framework/Versions/A/CommonAuth
0x000000003d2bd000 	/System/Library/Frameworks/OpenDirectory.framework/Versions/A/Frameworks/CFOpenDirectory.framework/Versions/A/CFOpenDirectory
0x000000003d2bd000 	/System/Library/Frameworks/SecurityFoundation.framework/Versions/A/SecurityFoundation
0x000000003d2bd000 	/System/Library/PrivateFrameworks/LanguageModeling.framework/Versions/A/LanguageModeling
0x000000003d2bd000 	/usr/lib/libmarisa.dylib
0x000000003d2bd000 	/usr/lib/libChineseTokenizer.dylib
0x000000003d2bd000 	/usr/lib/libcmph.dylib
0x000000003d2bd000 	/System/Library/PrivateFrameworks/CoreEmoji.framework/Versions/A/CoreEmoji
0x000000003d2bd000 	/System/Library/Frameworks/ServiceManagement.framework/Versions/A/ServiceManagement
0x000000003d2bd000 	/usr/lib/libxslt.1.dylib
0x000000003d2bd000 	/System/Library/Frameworks/Carbon.framework/Versions/A/Frameworks/Ink.framework/Versions/A/Ink
0x000000003d2bd000 	/System/Library/PrivateFrameworks/TextureIO.framework/Versions/A/TextureIO
0x000000003d2bd000 	/System/Library/Frameworks/Metal.framework/Versions/A/Metal
0x000000003d2bd000 	/usr/lib/libate.dylib
0x000000003d2bd000 	/System/Library/PrivateFrameworks/GPUCompiler.framework/libmetal_timestamp.dylib
0x000000003d2bd000 	/System/Library/Frameworks/OpenGL.framework/Versions/A/Libraries/libCoreFSCache.dylib
0x000000003d2bd000 	/System/Library/PrivateFrameworks/IOAccelerator.framework/Versions/A/IOAccelerator
0x000000003d2bd000 	/System/Library/Frameworks/CoreVideo.framework/Versions/A/CoreVideo
0x000000003d2bd000 	/usr/lib/libFosl_dynamic.dylib
0x000000003d2bd000 	/System/Library/PrivateFrameworks/MetalPerformanceShaders.framework/Versions/A/MetalPerformanceShaders
0x000000003d2bd000 	/System/Library/PrivateFrameworks/FaceCore.framework/Versions/A/FaceCore
0x000000003d2bd000 	/System/Library/Frameworks/OpenCL.framework/Versions/A/OpenCL
0x000000003d2bd000 	/System/Library/Frameworks/OpenGL.framework/Versions/A/Libraries/libGLU.dylib
0x000000003d2bd000 	/System/Library/Frameworks/OpenGL.framework/Versions/A/Libraries/libGFXShared.dylib
0x000000003d2bd000 	/System/Library/Frameworks/OpenGL.framework/Versions/A/Libraries/libGL.dylib
0x000000003d2bd000 	/System/Library/Frameworks/OpenGL.framework/Versions/A/Libraries/libGLImage.dylib
0x000000003d2bd000 	/System/Library/Frameworks/OpenGL.framework/Versions/A/Libraries/libCVMSPluginSupport.dylib
0x000000003d2bd000 	/System/Library/Frameworks/OpenGL.framework/Versions/A/Libraries/libCoreVMClient.dylib
0x000000003d2bd000 	/System/Library/PrivateFrameworks/CrashReporterSupport.framework/Versions/A/CrashReporterSupport
0x000000003d2bd000 	/System/Library/PrivateFrameworks/Sharing.framework/Versions/A/Sharing
0x000000003d2bd000 	/System/Library/PrivateFrameworks/IconServices.framework/Versions/A/IconServices
0x000000003d2bd000 	/System/Library/PrivateFrameworks/ProtocolBuffer.framework/Versions/A/ProtocolBuffer
0x000000003d2bd000 	/System/Library/PrivateFrameworks/Apple80211.framework/Versions/A/Apple80211
0x000000003d2bd000 	/System/Library/Frameworks/CoreWLAN.framework/Versions/A/CoreWLAN
0x000000003d2bd000 	/System/Library/PrivateFrameworks/CoreUtils.framework/Versions/A/CoreUtils
0x000000003d2bd000 	/System/Library/Frameworks/IOBluetooth.framework/Versions/A/IOBluetooth
0x000000003d2bd000 	/System/Library/PrivateFrameworks/CoreWiFi.framework/Versions/A/CoreWiFi
0x000000003d2bd000 	/System/Library/Frameworks/CoreBluetooth.framework/Versions/A/CoreBluetooth
0x000000003d2bd000 	/System/Library/Frameworks/CoreDisplay.framework/Versions/A/CoreDisplay
0x000000003d2bd000 	/System/Library/PrivateFrameworks/IOPresentment.framework/Versions/A/IOPresentment
0x000000003d2bd000 	/System/Library/PrivateFrameworks/DebugSymbols.framework/Versions/A/DebugSymbols
0x000000003d2bd000 	/System/Library/PrivateFrameworks/CoreSymbolication.framework/Versions/A/CoreSymbolication
0x000000003d2bd000 	/System/Library/PrivateFrameworks/Symbolication.framework/Versions/A/Symbolication
0x000000003d2bd000 	/System/Library/PrivateFrameworks/AppleFSCompression.framework/Versions/A/AppleFSCompression
0x000000003d2bd000 	/System/Library/PrivateFrameworks/SpeechRecognitionCore.framework/Versions/A/SpeechRecognitionCore
0x000000003d2bd000 	/System/Library/PrivateFrameworks/ChunkingLibrary.framework/Versions/A/ChunkingLibrary
0x0000000105b33000 	/Library/Java/JavaVirtualMachines/jdk1.8.0_101.jdk/Contents/Home/jre/lib/server/libjvm.dylib
0x000000003d2bd000 	/usr/lib/libstdc++.6.dylib
0x0000000106ad0000 	/Library/Java/JavaVirtualMachines/jdk1.8.0_101.jdk/Contents/Home/jre/lib/libverify.dylib
0x0000000106ade000 	/Library/Java/JavaVirtualMachines/jdk1.8.0_101.jdk/Contents/Home/jre/lib/libjava.dylib
0x0000000106b14000 	/Library/Java/JavaVirtualMachines/jdk1.8.0_101.jdk/Contents/Home/jre/lib/libjdwp.dylib
0x0000000106b5f000 	/Library/Java/JavaVirtualMachines/jdk1.8.0_101.jdk/Contents/Home/jre/lib/libnpt.dylib
0x0000000106b6c000 	/Library/Java/JavaVirtualMachines/jdk1.8.0_101.jdk/Contents/Home/jre/lib/libzip.dylib
0x000000011cd71000 	/System/Library/Frameworks/JavaVM.framework/Frameworks/JavaRuntimeSupport.framework/JavaRuntimeSupport
0x000000011cd8b000 	/System/Library/Frameworks/JavaVM.framework/Versions/A/Frameworks/JavaNativeFoundation.framework/Versions/A/JavaNativeFoundation
0x0000000106c06000 	/System/Library/Frameworks/JavaVM.framework/Versions/A/JavaVM
0x000000003d2bd000 	/System/Library/Frameworks/Carbon.framework/Versions/A/Carbon
0x000000011cda0000 	/System/Library/PrivateFrameworks/JavaLaunching.framework/Versions/A/JavaLaunching
0x000000003d2bd000 	/System/Library/Frameworks/Carbon.framework/Versions/A/Frameworks/CommonPanels.framework/Versions/A/CommonPanels
0x000000003d2bd000 	/System/Library/Frameworks/Carbon.framework/Versions/A/Frameworks/Help.framework/Versions/A/Help
0x000000003d2bd000 	/System/Library/Frameworks/Carbon.framework/Versions/A/Frameworks/ImageCapture.framework/Versions/A/ImageCapture
0x000000003d2bd000 	/System/Library/Frameworks/Carbon.framework/Versions/A/Frameworks/OpenScripting.framework/Versions/A/OpenScripting
0x000000003d2bd000 	/System/Library/Frameworks/Carbon.framework/Versions/A/Frameworks/Print.framework/Versions/A/Print
0x000000003d2bd000 	/System/Library/Frameworks/Carbon.framework/Versions/A/Frameworks/SecurityHI.framework/Versions/A/SecurityHI
0x000000011e6ac000 	/Library/Java/JavaVirtualMachines/jdk1.8.0_101.jdk/Contents/Home/jre/lib/libdt_socket.dylib

VM Arguments:
jvm_args: -agentlib:jdwp=transport=dt_socket,suspend=y,address=localhost:49316 -Dfile.encoding=UTF-8 
java_command: wsc.ecj.gp.Evolve -file wsc.params -p composition-task=problem.xml -p composition-taxonomy=taxonomy.owl -p composition-services=services-output.xml
java_class_path (initial): /Users/chenwang/Documents/workspace/ECJTreeTest/bin:/Users/chenwang/Documents/Lib/ECJ/ecj/jar/ecj.23.jar:/Users/chenwang/Documents/Lib/JGrpahT/jgraph-5.13.0.0.jar:/Users/chenwang/Documents/Lib/JGrpahT/jgrapht-core-1.0.0.jar:/Users/chenwang/Documents/Lib/Guava/guava-20.0.jar
Launcher Type: SUN_STANDARD

Environment Variables:
PATH=/usr/bin:/bin:/usr/sbin:/sbin
SHELL=/bin/bash

Signal Handlers:
SIGSEGV: [libjvm.dylib+0x5af145], sa_mask[0]=11111111011111110111111111111111, sa_flags=SA_ONSTACK|SA_RESTART|SA_SIGINFO
SIGBUS: [libjvm.dylib+0x5af145], sa_mask[0]=11111111011111110111111111111111, sa_flags=SA_RESTART|SA_SIGINFO
SIGFPE: [libjvm.dylib+0x48694c], sa_mask[0]=11111111011111110111111111111111, sa_flags=SA_RESTART|SA_SIGINFO
SIGPIPE: [libjvm.dylib+0x48694c], sa_mask[0]=11111111011111110111111111111111, sa_flags=SA_RESTART|SA_SIGINFO
SIGXFSZ: [libjvm.dylib+0x48694c], sa_mask[0]=11111111011111110111111111111111, sa_flags=SA_RESTART|SA_SIGINFO
SIGILL: [libjvm.dylib+0x48694c], sa_mask[0]=11111111011111110111111111111111, sa_flags=SA_RESTART|SA_SIGINFO
SIGUSR1: SIG_DFL, sa_mask[0]=00000000000000000000000000000000, sa_flags=none
SIGUSR2: [libjvm.dylib+0x48646a], sa_mask[0]=00100000000000000000000000000000, sa_flags=SA_RESTART|SA_SIGINFO
SIGHUP: [libjvm.dylib+0x484a41], sa_mask[0]=11111111011111110111111111111111, sa_flags=SA_RESTART|SA_SIGINFO
SIGINT: [libjvm.dylib+0x484a41], sa_mask[0]=11111111011111110111111111111111, sa_flags=SA_RESTART|SA_SIGINFO
SIGTERM: [libjvm.dylib+0x484a41], sa_mask[0]=11111111011111110111111111111111, sa_flags=SA_RESTART|SA_SIGINFO
SIGQUIT: [libjvm.dylib+0x484a41], sa_mask[0]=11111111011111110111111111111111, sa_flags=SA_RESTART|SA_SIGINFO


---------------  S Y S T E M  ---------------

OS:Bsduname:Darwin 16.3.0 Darwin Kernel Version 16.3.0: Thu Nov 17 20:23:58 PST 2016; root:xnu-3789.31.2~1/RELEASE_X86_64 x86_64
rlimit: STACK 8192k, CORE 0k, NPROC 709, NOFILE 10240, AS infinity
load average:1.54 1.90 1.65

CPU:total 4 (2 cores per cpu, 2 threads per core) family 6 model 61 stepping 4, cmov, cx8, fxsr, mmx, sse, sse2, sse3, ssse3, sse4.1, sse4.2, popcnt, avx, avx2, aes, clmul, erms, 3dnowpref, lzcnt, ht, tsc, tscinvbit, bmi1, bmi2, adx

Memory: 4k page, physical 8388608k(1951868k free)

/proc/meminfo:


vm_info: Java HotSpot(TM) 64-Bit Server VM (25.101-b13) for bsd-amd64 JRE (1.8.0_101-b13), built on Jun 22 2016 02:42:15 by "java_re" with gcc 4.2.1 (Based on Apple Inc. build 5658) (LLVM build 2336.11.00)

time: Thu Feb 16 13:07:04 2017
elapsed time: 554 seconds (0d 0h 9m 14s)

