#
# A fatal error has been detected by the Java Runtime Environment:
#
#  SIGSEGV (0xb) at pc=0x0000000101a4c594, pid=536, tid=0x0000000000004303
#
# JRE version: Java(TM) SE Runtime Environment (8.0_101-b13) (build 1.8.0_101-b13)
# Java VM: Java HotSpot(TM) 64-Bit Server VM (25.101-b13 mixed mode bsd-amd64 compressed oops)
# Problematic frame:
# V  [libjvm.dylib+0x44c594]  Method::checked_resolve_jmethod_id(_jmethodID*)+0xe
#
# Failed to write core dump. Core dumps have been disabled. To enable core dumping, try "ulimit -c unlimited" before starting Java again
#
# If you would like to submit a bug report, please visit:
#   http://bugreport.java.com/bugreport/crash.jsp
#

---------------  T H R E A D  ---------------

Current thread (0x00007f98ab839000):  JavaThread "JDWP Transport Listener: dt_socket" daemon [_thread_in_vm, id=17155, stack(0x0000700003abf000,0x0000700003bbf000)]

siginfo: si_signo: 11 (SIGSEGV), si_code: 0 (unknown), si_addr: 0x0000000000000000

Registers:
RAX=0x0000000000000001, RBX=0x0000700003bbea8b, RCX=0x0000000101e1f360, RDX=0x0000700003bbea8b
RSP=0x0000700003bbe9d0, RBP=0x0000700003bbe9e0, RSI=0x00007f98ab839000, RDI=0x472479726f746361
R8 =0x0000000000000000, R9 =0x00007f98aa5659a0, R10=0x0000000000000001, R11=0x0000000000000001
R12=0x00007f98ab839000, R13=0x472479726f746361, R14=0x472479726f746361, R15=0x00007f98aa404100
RIP=0x0000000101a4c594, EFLAGS=0x0000000000010202, ERR=0x0000000000000000
  TRAPNO=0x000000000000000d

Top of Stack: (sp=0x0000700003bbe9d0)
0x0000700003bbe9d0:   0000700003bbea8b 0000700003bbea8b
0x0000700003bbe9e0:   0000700003bbea40 00000001019580d2
0x0000700003bbe9f0:   00007f98ab839000 0000000000000000
0x0000700003bbea00:   0000000000000000 0000000000000000
0x0000700003bbea10:   00007f98ab839000 00007f98ab839000
0x0000700003bbea20:   0000700003bbea8b 0000700003bbea90
0x0000700003bbea30:   472479726f746361 0000000000000011
0x0000700003bbea40:   0000700003bbea60 00000001025f2780
0x0000700003bbea50:   0000000000000001 0000700003bbeb08
0x0000700003bbea60:   0000700003bbead0 00000001025d71f3
0x0000700003bbea70:   0000700003bbeaa0 00007f98aa565810
0x0000700003bbea80:   0000001400000032 0000000200bbeb08
0x0000700003bbea90:   0000000000000000 0000000000000000
0x0000700003bbeaa0:   0000000000000000 0000700003bbec90
0x0000700003bbeab0:   00000001025f9e7a 00007f98aa565780
0x0000700003bbeac0:   0000700003bbeb08 0000000102605598
0x0000700003bbead0:   0000700003bbeae0 00000001025d72ec
0x0000700003bbeae0:   0000700003bbed00 00000001025e0898
0x0000700003bbeaf0:   0000059600000013 00000000000f0200
0x0000700003bbeb00:   00007f98aa5657a0 00007f98abb65f19
0x0000700003bbeb10:   00007f9800000197 00007f98aa5611d0
0x0000700003bbeb20:   00007f980000012c 0000700003bbeb58
0x0000700003bbeb30:   00007f98aa5658b0 0000000000000000
0x0000700003bbeb40:   000005960000001c 00007f980000ba80
0x0000700003bbeb50:   0000700003bbeb58 987f000014000000
0x0000700003bbeb60:   06000000000866aa 00003e74696e693c
0x0000700003bbeb70:   0000005629280300 7f00000100000000
0x0000700003bbeb80:   000000180866aa98 746c75616665640b
0x0000700003bbeb90:   1500000065736142 74752f63654c2928
0x0000700003bbeba0:   6d617261502f6c69 0000003b72657465
0x0000700003bbebb0:   7f00000100000000 000000200866aa98
0x0000700003bbebc0:   69646e4977656e0d 00006c6175646976 

Instructions: (pc=0x0000000101a4c594)
0x0000000101a4c574:   40 48 48 85 c0 75 e0 30 c0 0f b6 c0 5d c3 31 c0
0x0000000101a4c584:   5d c3 55 48 89 e5 53 48 83 ec 08 48 85 ff 74 24
0x0000000101a4c594:   48 8b 1f 48 85 db 74 1c 48 83 fb 37 74 16 48 8b
0x0000000101a4c5a4:   03 48 89 df ff 50 10 84 c0 b8 00 00 00 00 48 0f 

Register to memory mapping:

RAX=0x0000000000000001 is an unknown value
RBX=0x0000700003bbea8b is pointing into the stack for thread: 0x00007f98ab839000
RCX=0x0000000101e1f360: UseMembar+0 in /Library/Java/JavaVirtualMachines/jdk1.8.0_101.jdk/Contents/Home/jre/lib/server/libjvm.dylib at 0x0000000101600000
RDX=0x0000700003bbea8b is pointing into the stack for thread: 0x00007f98ab839000
RSP=0x0000700003bbe9d0 is pointing into the stack for thread: 0x00007f98ab839000
RBP=0x0000700003bbe9e0 is pointing into the stack for thread: 0x00007f98ab839000
RSI=0x00007f98ab839000 is a thread
RDI=0x472479726f746361 is an unknown value
R8 =0x0000000000000000 is an unknown value
R9 =0x00007f98aa5659a0 is an unknown value
R10=0x0000000000000001 is an unknown value
R11=0x0000000000000001 is an unknown value
R12=0x00007f98ab839000 is a thread
R13=0x472479726f746361 is an unknown value
R14=0x472479726f746361 is an unknown value
R15=0x00007f98aa404100 is an unknown value


Stack: [0x0000700003abf000,0x0000700003bbf000],  sp=0x0000700003bbe9d0,  free space=1022k
Native frames: (J=compiled Java code, j=interpreted, Vv=VM code, C=native code)
V  [libjvm.dylib+0x44c594]  Method::checked_resolve_jmethod_id(_jmethodID*)+0xe
V  [libjvm.dylib+0x3580d2]  jvmti_IsMethodSynthetic+0xb2
C  [libjdwp.dylib+0x20780]  isMethodSynthetic+0x63
C  [libjdwp.dylib+0x51f3]  methods1+0x10b
C  [libjdwp.dylib+0x52ec]  methodsWithGeneric+0xe
C  [libjdwp.dylib+0xe898]  debugLoop_run+0x1ce
C  [libjdwp.dylib+0x1f6ba]  attachThread+0x4d
V  [libjvm.dylib+0x399438]  JvmtiAgentThread::call_start_function()+0x38
V  [libjvm.dylib+0x5695ab]  JavaThread::thread_main_inner()+0x9b
V  [libjvm.dylib+0x56ac98]  JavaThread::run()+0x1c2
V  [libjvm.dylib+0x48933a]  java_start(Thread*)+0xf6
C  [libsystem_pthread.dylib+0x3aab]  _pthread_body+0xb4
C  [libsystem_pthread.dylib+0x39f7]  _pthread_body+0x0
C  [libsystem_pthread.dylib+0x31fd]  thread_start+0xd
C  0x0000000000000000


---------------  P R O C E S S  ---------------

Java Threads: ( => current thread )
  0x00007f98aa834000 JavaThread "Service Thread" daemon [_thread_blocked, id=20227, stack(0x00007000040d1000,0x00007000041d1000)]
  0x00007f98ab009800 JavaThread "C1 CompilerThread2" daemon [_thread_blocked, id=19715, stack(0x0000700003fce000,0x00007000040ce000)]
  0x00007f98ac041800 JavaThread "C2 CompilerThread1" daemon [_thread_blocked, id=19203, stack(0x0000700003ecb000,0x0000700003fcb000)]
  0x00007f98ab00f000 JavaThread "C2 CompilerThread0" daemon [_thread_blocked, id=18691, stack(0x0000700003dc8000,0x0000700003ec8000)]
  0x00007f98ab00d000 JavaThread "JDWP Command Reader" daemon [_thread_in_native, id=18179, stack(0x0000700003cc5000,0x0000700003dc5000)]
  0x00007f98ab00c800 JavaThread "JDWP Event Helper Thread" daemon [_thread_blocked, id=17667, stack(0x0000700003bc2000,0x0000700003cc2000)]
=>0x00007f98ab839000 JavaThread "JDWP Transport Listener: dt_socket" daemon [_thread_in_vm, id=17155, stack(0x0000700003abf000,0x0000700003bbf000)]
  0x00007f98ab024800 JavaThread "Signal Dispatcher" daemon [_thread_blocked, id=16643, stack(0x00007000039bc000,0x0000700003abc000)]
  0x00007f98ac03c800 JavaThread "Finalizer" daemon [_thread_blocked, id=12547, stack(0x00007000038b9000,0x00007000039b9000)]
  0x00007f98ac000800 JavaThread "Reference Handler" daemon [_thread_blocked, id=12035, stack(0x00007000037b6000,0x00007000038b6000)]
  0x00007f98aa806000 JavaThread "main" [_thread_blocked, id=7171, stack(0x00007000031a4000,0x00007000032a4000)]

Other Threads:
  0x00007f98aa82c800 VMThread [stack: 0x00007000036b3000,0x00007000037b3000] [id=11523]
  0x00007f98aa835800 WatcherThread [stack: 0x00007000041d4000,0x00007000042d4000] [id=20739]

VM state:not at safepoint (normal execution)

VM Mutex/Monitor currently owned by a thread: None

Heap:
 PSYoungGen      total 649216K, used 607345K [0x0000000795580000, 0x00000007bf980000, 0x00000007c0000000)
  eden space 648704K, 93% used [0x0000000795580000,0x00000007ba684740,0x00000007bcf00000)
  from space 512K, 18% used [0x00000007bf900000,0x00000007bf918000,0x00000007bf980000)
  to   space 7168K, 0% used [0x00000007beb80000,0x00000007beb80000,0x00000007bf280000)
 ParOldGen       total 87552K, used 4620K [0x0000000740000000, 0x0000000745580000, 0x0000000795580000)
  object space 87552K, 5% used [0x0000000740000000,0x0000000740483140,0x0000000745580000)
 Metaspace       used 10141K, capacity 10306K, committed 10496K, reserved 1058816K
  class space    used 1149K, capacity 1215K, committed 1280K, reserved 1048576K

Card table byte_map: [0x00000001029dd000,0x0000000102dde000] byte_map_base: 0x00000000fefdd000

Marking Bits: (ParMarkBitMap*) 0x0000000101eedd20
 Begin Bits: [0x0000000103089000, 0x0000000105089000)
 End Bits:   [0x0000000105089000, 0x0000000107089000)

Polling page: 0x0000000100dda000

CodeCache: size=245760Kb used=4445Kb max_used=4460Kb free=241314Kb
 bounds [0x000000010f805000, 0x000000010fc65000, 0x000000011e805000]
 total_blobs=1573 nmethods=1248 adapters=246
 compilation: enabled

Compilation events (10 events):
Event: 5.454 Thread 0x00007f98ab00f000 nmethod 1267 0x000000010fc5f0d0 code [0x000000010fc5f220, 0x000000010fc5f518]
Event: 5.454 Thread 0x00007f98ab00f000 1269       4       org.jgrapht.graph.AbstractBaseGraph::containsVertex (14 bytes)
Event: 5.456 Thread 0x00007f98ab00f000 nmethod 1269 0x000000010fc5f710 code [0x000000010fc5f8a0, 0x000000010fc5fb08]
Event: 5.460 Thread 0x00007f98ac041800 nmethod 1266 0x000000010fc5c790 code [0x000000010fc5c980, 0x000000010fc5d498]
Event: 27.774 Thread 0x00007f98ab009800 1270       3       sun.misc.FDBigInteger::mult (64 bytes)
Event: 27.774 Thread 0x00007f98ab009800 nmethod 1270 0x000000010fc5c050 code [0x000000010fc5c1c0, 0x000000010fc5c470]
Event: 27.774 Thread 0x00007f98ab009800 1271       3       sun.misc.FDBigInteger::<init> (30 bytes)
Event: 27.774 Thread 0x00007f98ab009800 nmethod 1271 0x000000010f906390 code [0x000000010f906500, 0x000000010f906728]
Event: 27.775 Thread 0x00007f98ab009800 1272       3       sun.misc.FDBigInteger::trimLeadingZeros (57 bytes)
Event: 27.775 Thread 0x00007f98ab009800 nmethod 1272 0x000000010f905110 code [0x000000010f905280, 0x000000010f9055b0]

GC Heap History (10 events):
Event: 2.030 GC heap before
{Heap before GC invocations=10 (full 0):
 PSYoungGen      total 272384K, used 265792K [0x0000000795580000, 0x00000007b0300000, 0x00000007c0000000)
  eden space 265728K, 100% used [0x0000000795580000,0x00000007a5900000,0x00000007a5900000)
  from space 6656K, 0% used [0x00000007a5900000,0x00000007a5910000,0x00000007a5f80000)
  to   space 7168K, 0% used [0x00000007afc00000,0x00000007afc00000,0x00000007b0300000)
 ParOldGen       total 87552K, used 4548K [0x0000000740000000, 0x0000000745580000, 0x0000000795580000)
  object space 87552K, 5% used [0x0000000740000000,0x0000000740471140,0x0000000745580000)
 Metaspace       used 8444K, capacity 8546K, committed 8704K, reserved 1056768K
  class space    used 963K, capacity 1013K, committed 1024K, reserved 1048576K
Event: 2.031 GC heap after
Heap after GC invocations=10 (full 0):
 PSYoungGen      total 432640K, used 96K [0x0000000795580000, 0x00000007b0300000, 0x00000007c0000000)
  eden space 425472K, 0% used [0x0000000795580000,0x0000000795580000,0x00000007af500000)
  from space 7168K, 1% used [0x00000007afc00000,0x00000007afc18000,0x00000007b0300000)
  to   space 7168K, 0% used [0x00000007af500000,0x00000007af500000,0x00000007afc00000)
 ParOldGen       total 87552K, used 4556K [0x0000000740000000, 0x0000000745580000, 0x0000000795580000)
  object space 87552K, 5% used [0x0000000740000000,0x0000000740473140,0x0000000745580000)
 Metaspace       used 8444K, capacity 8546K, committed 8704K, reserved 1056768K
  class space    used 963K, capacity 1013K, committed 1024K, reserved 1048576K
}
Event: 2.504 GC heap before
{Heap before GC invocations=11 (full 0):
 PSYoungGen      total 432640K, used 425568K [0x0000000795580000, 0x00000007b0300000, 0x00000007c0000000)
  eden space 425472K, 100% used [0x0000000795580000,0x00000007af500000,0x00000007af500000)
  from space 7168K, 1% used [0x00000007afc00000,0x00000007afc18000,0x00000007b0300000)
  to   space 7168K, 0% used [0x00000007af500000,0x00000007af500000,0x00000007afc00000)
 ParOldGen       total 87552K, used 4556K [0x0000000740000000, 0x0000000745580000, 0x0000000795580000)
  object space 87552K, 5% used [0x0000000740000000,0x0000000740473140,0x0000000745580000)
 Metaspace       used 8444K, capacity 8546K, committed 8704K, reserved 1056768K
  class space    used 963K, capacity 1013K, committed 1024K, reserved 1048576K
Event: 2.505 GC heap after
Heap after GC invocations=11 (full 0):
 PSYoungGen      total 432640K, used 96K [0x0000000795580000, 0x00000007bfc80000, 0x00000007c0000000)
  eden space 425472K, 0% used [0x0000000795580000,0x0000000795580000,0x00000007af500000)
  from space 7168K, 1% used [0x00000007af500000,0x00000007af518000,0x00000007afc00000)
  to   space 7168K, 0% used [0x00000007bf580000,0x00000007bf580000,0x00000007bfc80000)
 ParOldGen       total 87552K, used 4572K [0x0000000740000000, 0x0000000745580000, 0x0000000795580000)
  object space 87552K, 5% used [0x0000000740000000,0x0000000740477140,0x0000000745580000)
 Metaspace       used 8444K, capacity 8546K, committed 8704K, reserved 1056768K
  class space    used 963K, capacity 1013K, committed 1024K, reserved 1048576K
}
Event: 2.895 GC heap before
{Heap before GC invocations=12 (full 0):
 PSYoungGen      total 432640K, used 425568K [0x0000000795580000, 0x00000007bfc80000, 0x00000007c0000000)
  eden space 425472K, 100% used [0x0000000795580000,0x00000007af500000,0x00000007af500000)
  from space 7168K, 1% used [0x00000007af500000,0x00000007af518000,0x00000007afc00000)
  to   space 7168K, 0% used [0x00000007bf580000,0x00000007bf580000,0x00000007bfc80000)
 ParOldGen       total 87552K, used 4572K [0x0000000740000000, 0x0000000745580000, 0x0000000795580000)
  object space 87552K, 5% used [0x0000000740000000,0x0000000740477140,0x0000000745580000)
 Metaspace       used 8444K, capacity 8546K, committed 8704K, reserved 1056768K
  class space    used 963K, capacity 1013K, committed 1024K, reserved 1048576K
Event: 2.896 GC heap after
Heap after GC invocations=12 (full 0):
 PSYoungGen      total 688128K, used 96K [0x0000000795580000, 0x00000007bfc80000, 0x00000007c0000000)
  eden space 680960K, 0% used [0x0000000795580000,0x0000000795580000,0x00000007bee80000)
  from space 7168K, 1% used [0x00000007bf580000,0x00000007bf598000,0x00000007bfc80000)
  to   space 7168K, 0% used [0x00000007bee80000,0x00000007bee80000,0x00000007bf580000)
 ParOldGen       total 87552K, used 4588K [0x0000000740000000, 0x0000000745580000, 0x0000000795580000)
  object space 87552K, 5% used [0x0000000740000000,0x000000074047b140,0x0000000745580000)
 Metaspace       used 8444K, capacity 8546K, committed 8704K, reserved 1056768K
  class space    used 963K, capacity 1013K, committed 1024K, reserved 1048576K
}
Event: 3.650 GC heap before
{Heap before GC invocations=13 (full 0):
 PSYoungGen      total 688128K, used 681056K [0x0000000795580000, 0x00000007bfc80000, 0x00000007c0000000)
  eden space 680960K, 100% used [0x0000000795580000,0x00000007bee80000,0x00000007bee80000)
  from space 7168K, 1% used [0x00000007bf580000,0x00000007bf598000,0x00000007bfc80000)
  to   space 7168K, 0% used [0x00000007bee80000,0x00000007bee80000,0x00000007bf580000)
 ParOldGen       total 87552K, used 4588K [0x0000000740000000, 0x0000000745580000, 0x0000000795580000)
  object space 87552K, 5% used [0x0000000740000000,0x000000074047b140,0x0000000745580000)
 Metaspace       used 8444K, capacity 8546K, committed 8704K, reserved 1056768K
  class space    used 963K, capacity 1013K, committed 1024K, reserved 1048576K
Event: 3.651 GC heap after
Heap after GC invocations=13 (full 0):
 PSYoungGen      total 688128K, used 96K [0x0000000795580000, 0x00000007c0000000, 0x00000007c0000000)
  eden space 680960K, 0% used [0x0000000795580000,0x0000000795580000,0x00000007bee80000)
  from space 7168K, 1% used [0x00000007bee80000,0x00000007bee98000,0x00000007bf580000)
  to   space 7168K, 0% used [0x00000007bf900000,0x00000007bf900000,0x00000007c0000000)
 ParOldGen       total 87552K, used 4604K [0x0000000740000000, 0x0000000745580000, 0x0000000795580000)
  object space 87552K, 5% used [0x0000000740000000,0x000000074047f140,0x0000000745580000)
 Metaspace       used 8444K, capacity 8546K, committed 8704K, reserved 1056768K
  class space    used 963K, capacity 1013K, committed 1024K, reserved 1048576K
}
Event: 4.270 GC heap before
{Heap before GC invocations=14 (full 0):
 PSYoungGen      total 688128K, used 681056K [0x0000000795580000, 0x00000007c0000000, 0x00000007c0000000)
  eden space 680960K, 100% used [0x0000000795580000,0x00000007bee80000,0x00000007bee80000)
  from space 7168K, 1% used [0x00000007bee80000,0x00000007bee98000,0x00000007bf580000)
  to   space 7168K, 0% used [0x00000007bf900000,0x00000007bf900000,0x00000007c0000000)
 ParOldGen       total 87552K, used 4604K [0x0000000740000000, 0x0000000745580000, 0x0000000795580000)
  object space 87552K, 5% used [0x0000000740000000,0x000000074047f140,0x0000000745580000)
 Metaspace       used 8444K, capacity 8546K, committed 8704K, reserved 1056768K
  class space    used 963K, capacity 1013K, committed 1024K, reserved 1048576K
Event: 4.271 GC heap after
Heap after GC invocations=14 (full 0):
 PSYoungGen      total 649216K, used 96K [0x0000000795580000, 0x00000007bf980000, 0x00000007c0000000)
  eden space 648704K, 0% used [0x0000000795580000,0x0000000795580000,0x00000007bcf00000)
  from space 512K, 18% used [0x00000007bf900000,0x00000007bf918000,0x00000007bf980000)
  to   space 7168K, 0% used [0x00000007beb80000,0x00000007beb80000,0x00000007bf280000)
 ParOldGen       total 87552K, used 4620K [0x0000000740000000, 0x0000000745580000, 0x0000000795580000)
  object space 87552K, 5% used [0x0000000740000000,0x0000000740483140,0x0000000745580000)
 Metaspace       used 8444K, capacity 8546K, committed 8704K, reserved 1056768K
  class space    used 963K, capacity 1013K, committed 1024K, reserved 1048576K
}

Deoptimization events (10 events):
Event: 5.447 Thread 0x00007f98aa806000 Uncommon trap: reason=bimorphic action=maybe_recompile pc=0x000000010fbfb610 method=java.util.Collections$UnmodifiableCollection$1.next()Ljava/lang/Object; @ 4
Event: 5.447 Thread 0x00007f98aa806000 Uncommon trap: reason=bimorphic action=maybe_recompile pc=0x000000010fbe9298 method=java.util.Collections$UnmodifiableCollection$1.hasNext()Z @ 4
Event: 5.447 Thread 0x00007f98aa806000 Uncommon trap: reason=bimorphic action=maybe_recompile pc=0x000000010fbfb610 method=java.util.Collections$UnmodifiableCollection$1.next()Ljava/lang/Object; @ 4
Event: 5.447 Thread 0x00007f98aa806000 Uncommon trap: reason=bimorphic action=maybe_recompile pc=0x000000010fbe9298 method=java.util.Collections$UnmodifiableCollection$1.hasNext()Z @ 4
Event: 5.447 Thread 0x00007f98aa806000 Uncommon trap: reason=bimorphic action=maybe_recompile pc=0x000000010fbfb610 method=java.util.Collections$UnmodifiableCollection$1.next()Ljava/lang/Object; @ 4
Event: 5.447 Thread 0x00007f98aa806000 Uncommon trap: reason=bimorphic action=maybe_recompile pc=0x000000010fbe9298 method=java.util.Collections$UnmodifiableCollection$1.hasNext()Z @ 4
Event: 5.447 Thread 0x00007f98aa806000 Uncommon trap: reason=bimorphic action=maybe_recompile pc=0x000000010fbfb610 method=java.util.Collections$UnmodifiableCollection$1.next()Ljava/lang/Object; @ 4
Event: 5.448 Thread 0x00007f98aa806000 Uncommon trap: reason=bimorphic action=maybe_recompile pc=0x000000010fb895e0 method=java.util.HashMap.getNode(ILjava/lang/Object;)Ljava/util/HashMap$Node; @ 126
Event: 27.773 Thread 0x00007f98aa806000 Uncommon trap: reason=class_check action=maybe_recompile pc=0x000000010fa3869c method=java.lang.ThreadLocal.setInitialValue()Ljava/lang/Object; @ 1
Event: 27.773 Thread 0x00007f98aa806000 Uncommon trap: reason=unstable_if action=reinterpret pc=0x000000010fa0a1bc method=java.lang.ThreadLocal$ThreadLocalMap.cleanSomeSlots(II)Z @ 28

Internal exceptions (10 events):
Event: 0.323 Thread 0x00007f98aa806000 Exception <a 'java/lang/ArrayIndexOutOfBoundsException'> (0x00000007959967e0) thrown at [/HUDSON3/workspace/8-2-build-macosx-x86_64/jdk8u101/7261/hotspot/src/share/vm/runtime/sharedRuntime.cpp, line 605]
Event: 0.323 Thread 0x00007f98aa806000 Exception <a 'java/lang/ArrayIndexOutOfBoundsException'> (0x0000000795997528) thrown at [/HUDSON3/workspace/8-2-build-macosx-x86_64/jdk8u101/7261/hotspot/src/share/vm/runtime/sharedRuntime.cpp, line 605]
Event: 0.324 Thread 0x00007f98aa806000 Exception <a 'java/lang/ArrayIndexOutOfBoundsException'> (0x0000000795999eb8) thrown at [/HUDSON3/workspace/8-2-build-macosx-x86_64/jdk8u101/7261/hotspot/src/share/vm/runtime/sharedRuntime.cpp, line 605]
Event: 0.324 Thread 0x00007f98aa806000 Exception <a 'java/lang/ArrayIndexOutOfBoundsException'> (0x000000079599af30) thrown at [/HUDSON3/workspace/8-2-build-macosx-x86_64/jdk8u101/7261/hotspot/src/share/vm/runtime/sharedRuntime.cpp, line 605]
Event: 0.324 Thread 0x00007f98aa806000 Exception <a 'java/lang/ArrayIndexOutOfBoundsException'> (0x000000079599c080) thrown at [/HUDSON3/workspace/8-2-build-macosx-x86_64/jdk8u101/7261/hotspot/src/share/vm/runtime/sharedRuntime.cpp, line 605]
Event: 0.339 Thread 0x00007f98aa806000 Exception <a 'java/lang/ArrayIndexOutOfBoundsException'> (0x00000007959bec40) thrown at [/HUDSON3/workspace/8-2-build-macosx-x86_64/jdk8u101/7261/hotspot/src/share/vm/runtime/sharedRuntime.cpp, line 605]
Event: 4.739 Thread 0x00007f98aa806000 Implicit null exception at 0x000000010fb248ed to 0x000000010fb24a41
Event: 5.346 Thread 0x00007f98aa806000 Exception <a 'java/lang/NoSuchFieldError': method resolution failed> (0x00000007b932fbb8) thrown at [/HUDSON3/workspace/8-2-build-macosx-x86_64/jdk8u101/7261/hotspot/src/share/vm/prims/methodHandles.cpp, line 1146]
Event: 5.350 Thread 0x00007f98aa806000 Exception <a 'java/lang/NoSuchFieldError': method resolution failed> (0x00000007b933ced8) thrown at [/HUDSON3/workspace/8-2-build-macosx-x86_64/jdk8u101/7261/hotspot/src/share/vm/prims/methodHandles.cpp, line 1146]
Event: 5.433 Thread 0x00007f98aa806000 Implicit null exception at 0x000000010fbb1c0f to 0x000000010fbb1e59

Events (10 events):
Event: 89.906 Executing VM operation: GetCurrentLocation
Event: 89.906 Executing VM operation: GetCurrentLocation done
Event: 89.906 Executing VM operation: EnterInterpOnlyMode
Event: 89.906 Executing VM operation: EnterInterpOnlyMode done
Event: 89.906 Executing VM operation: ChangeSingleStep
Event: 89.906 Executing VM operation: ChangeSingleStep done
Event: 89.906 Executing VM operation: ChangeSingleStep
Event: 89.906 Executing VM operation: ChangeSingleStep done
Event: 89.916 Executing VM operation: RedefineClasses
Event: 89.925 Executing VM operation: RedefineClasses done


Dynamic libraries:
0x0000000026c15000 	/System/Library/Frameworks/Cocoa.framework/Versions/A/Cocoa
0x0000000026c15000 	/System/Library/Frameworks/Security.framework/Versions/A/Security
0x0000000026c15000 	/System/Library/Frameworks/ApplicationServices.framework/Versions/A/ApplicationServices
0x0000000026c15000 	/usr/lib/libz.1.dylib
0x0000000026c15000 	/usr/lib/libSystem.B.dylib
0x0000000026c15000 	/usr/lib/libobjc.A.dylib
0x0000000026c15000 	/System/Library/Frameworks/CoreFoundation.framework/Versions/A/CoreFoundation
0x0000000026c15000 	/System/Library/Frameworks/Foundation.framework/Versions/C/Foundation
0x0000000026c15000 	/System/Library/Frameworks/AppKit.framework/Versions/C/AppKit
0x0000000026c15000 	/System/Library/Frameworks/CoreData.framework/Versions/A/CoreData
0x0000000026c15000 	/System/Library/PrivateFrameworks/RemoteViewServices.framework/Versions/A/RemoteViewServices
0x0000000026c15000 	/System/Library/PrivateFrameworks/UIFoundation.framework/Versions/A/UIFoundation
0x0000000026c15000 	/System/Library/PrivateFrameworks/DFRFoundation.framework/Versions/A/DFRFoundation
0x0000000026c15000 	/usr/lib/libenergytrace.dylib
0x0000000026c15000 	/System/Library/PrivateFrameworks/SkyLight.framework/Versions/A/SkyLight
0x0000000026c15000 	/System/Library/Frameworks/CoreGraphics.framework/Versions/A/CoreGraphics
0x0000000026c15000 	/usr/lib/libScreenReader.dylib
0x0000000026c15000 	/System/Library/Frameworks/Accelerate.framework/Versions/A/Accelerate
0x0000000026c15000 	/System/Library/Frameworks/IOSurface.framework/Versions/A/IOSurface
0x0000000026c15000 	/System/Library/Frameworks/AudioToolbox.framework/Versions/A/AudioToolbox
0x0000000026c15000 	/System/Library/Frameworks/AudioUnit.framework/Versions/A/AudioUnit
0x0000000026c15000 	/System/Library/PrivateFrameworks/DataDetectorsCore.framework/Versions/A/DataDetectorsCore
0x0000000026c15000 	/System/Library/PrivateFrameworks/DesktopServicesPriv.framework/Versions/A/DesktopServicesPriv
0x0000000026c15000 	/System/Library/Frameworks/Carbon.framework/Versions/A/Frameworks/HIToolbox.framework/Versions/A/HIToolbox
0x0000000026c15000 	/usr/lib/libicucore.A.dylib
0x0000000026c15000 	/System/Library/Frameworks/QuartzCore.framework/Versions/A/QuartzCore
0x0000000026c15000 	/System/Library/Frameworks/Carbon.framework/Versions/A/Frameworks/SpeechRecognition.framework/Versions/A/SpeechRecognition
0x0000000026c15000 	/usr/lib/libauto.dylib
0x0000000026c15000 	/usr/lib/libxml2.2.dylib
0x0000000026c15000 	/System/Library/PrivateFrameworks/CoreUI.framework/Versions/A/CoreUI
0x0000000026c15000 	/System/Library/Frameworks/CoreAudio.framework/Versions/A/CoreAudio
0x0000000026c15000 	/System/Library/Frameworks/DiskArbitration.framework/Versions/A/DiskArbitration
0x0000000026c15000 	/usr/lib/liblangid.dylib
0x0000000026c15000 	/System/Library/PrivateFrameworks/MultitouchSupport.framework/Versions/A/MultitouchSupport
0x0000000026c15000 	/System/Library/Frameworks/IOKit.framework/Versions/A/IOKit
0x0000000026c15000 	/usr/lib/libDiagnosticMessagesClient.dylib
0x0000000026c15000 	/System/Library/Frameworks/CoreServices.framework/Versions/A/CoreServices
0x0000000026c15000 	/System/Library/PrivateFrameworks/PerformanceAnalysis.framework/Versions/A/PerformanceAnalysis
0x0000000026c15000 	/System/Library/PrivateFrameworks/GenerationalStorage.framework/Versions/A/GenerationalStorage
0x0000000026c15000 	/System/Library/Frameworks/OpenGL.framework/Versions/A/OpenGL
0x0000000026c15000 	/System/Library/Frameworks/CoreImage.framework/Versions/A/CoreImage
0x0000000026c15000 	/System/Library/Frameworks/CoreText.framework/Versions/A/CoreText
0x0000000026c15000 	/System/Library/Frameworks/ImageIO.framework/Versions/A/ImageIO
0x0000000026c15000 	/System/Library/PrivateFrameworks/Backup.framework/Versions/A/Backup
0x0000000026c15000 	/usr/lib/libarchive.2.dylib
0x0000000026c15000 	/System/Library/Frameworks/CFNetwork.framework/Versions/A/CFNetwork
0x0000000026c15000 	/System/Library/Frameworks/SystemConfiguration.framework/Versions/A/SystemConfiguration
0x0000000026c15000 	/usr/lib/libCRFSuite.dylib
0x0000000026c15000 	/usr/lib/libc++.1.dylib
0x0000000026c15000 	/usr/lib/libc++abi.dylib
0x0000000026c15000 	/usr/lib/system/libcache.dylib
0x0000000026c15000 	/usr/lib/system/libcommonCrypto.dylib
0x0000000026c15000 	/usr/lib/system/libcompiler_rt.dylib
0x0000000026c15000 	/usr/lib/system/libcopyfile.dylib
0x0000000026c15000 	/usr/lib/system/libcorecrypto.dylib
0x0000000026c15000 	/usr/lib/system/libdispatch.dylib
0x0000000026c15000 	/usr/lib/system/libdyld.dylib
0x0000000026c15000 	/usr/lib/system/libkeymgr.dylib
0x0000000026c15000 	/usr/lib/system/liblaunch.dylib
0x0000000026c15000 	/usr/lib/system/libmacho.dylib
0x0000000026c15000 	/usr/lib/system/libquarantine.dylib
0x0000000026c15000 	/usr/lib/system/libremovefile.dylib
0x0000000026c15000 	/usr/lib/system/libsystem_asl.dylib
0x0000000026c15000 	/usr/lib/system/libsystem_blocks.dylib
0x0000000026c15000 	/usr/lib/system/libsystem_c.dylib
0x0000000026c15000 	/usr/lib/system/libsystem_configuration.dylib
0x0000000026c15000 	/usr/lib/system/libsystem_coreservices.dylib
0x0000000026c15000 	/usr/lib/system/libsystem_coretls.dylib
0x0000000026c15000 	/usr/lib/system/libsystem_dnssd.dylib
0x0000000026c15000 	/usr/lib/system/libsystem_info.dylib
0x0000000026c15000 	/usr/lib/system/libsystem_kernel.dylib
0x0000000026c15000 	/usr/lib/system/libsystem_m.dylib
0x0000000026c15000 	/usr/lib/system/libsystem_malloc.dylib
0x0000000026c15000 	/usr/lib/system/libsystem_network.dylib
0x0000000026c15000 	/usr/lib/system/libsystem_networkextension.dylib
0x0000000026c15000 	/usr/lib/system/libsystem_notify.dylib
0x0000000026c15000 	/usr/lib/system/libsystem_platform.dylib
0x0000000026c15000 	/usr/lib/system/libsystem_pthread.dylib
0x0000000026c15000 	/usr/lib/system/libsystem_sandbox.dylib
0x0000000026c15000 	/usr/lib/system/libsystem_secinit.dylib
0x0000000026c15000 	/usr/lib/system/libsystem_symptoms.dylib
0x0000000026c15000 	/usr/lib/system/libsystem_trace.dylib
0x0000000026c15000 	/usr/lib/system/libunwind.dylib
0x0000000026c15000 	/usr/lib/system/libxpc.dylib
0x0000000026c15000 	/usr/lib/libbsm.0.dylib
0x0000000026c15000 	/usr/lib/system/libkxld.dylib
0x0000000026c15000 	/usr/lib/libcoretls.dylib
0x0000000026c15000 	/usr/lib/libcoretls_cfhelpers.dylib
0x0000000026c15000 	/usr/lib/libxar.1.dylib
0x0000000026c15000 	/usr/lib/libsqlite3.dylib
0x0000000026c15000 	/usr/lib/libpam.2.dylib
0x0000000026c15000 	/usr/lib/libOpenScriptingUtil.dylib
0x0000000026c15000 	/usr/lib/libbz2.1.0.dylib
0x0000000026c15000 	/usr/lib/liblzma.5.dylib
0x0000000026c15000 	/usr/lib/libnetwork.dylib
0x0000000026c15000 	/usr/lib/libpcap.A.dylib
0x0000000026c15000 	/System/Library/Frameworks/CoreServices.framework/Versions/A/Frameworks/FSEvents.framework/Versions/A/FSEvents
0x0000000026c15000 	/System/Library/Frameworks/CoreServices.framework/Versions/A/Frameworks/CarbonCore.framework/Versions/A/CarbonCore
0x0000000026c15000 	/System/Library/Frameworks/CoreServices.framework/Versions/A/Frameworks/Metadata.framework/Versions/A/Metadata
0x0000000026c15000 	/System/Library/Frameworks/CoreServices.framework/Versions/A/Frameworks/OSServices.framework/Versions/A/OSServices
0x0000000026c15000 	/System/Library/Frameworks/CoreServices.framework/Versions/A/Frameworks/SearchKit.framework/Versions/A/SearchKit
0x0000000026c15000 	/System/Library/Frameworks/CoreServices.framework/Versions/A/Frameworks/AE.framework/Versions/A/AE
0x0000000026c15000 	/System/Library/Frameworks/CoreServices.framework/Versions/A/Frameworks/LaunchServices.framework/Versions/A/LaunchServices
0x0000000026c15000 	/System/Library/Frameworks/CoreServices.framework/Versions/A/Frameworks/DictionaryServices.framework/Versions/A/DictionaryServices
0x0000000026c15000 	/System/Library/Frameworks/CoreServices.framework/Versions/A/Frameworks/SharedFileList.framework/Versions/A/SharedFileList
0x0000000026c15000 	/System/Library/Frameworks/NetFS.framework/Versions/A/NetFS
0x0000000026c15000 	/System/Library/PrivateFrameworks/NetAuth.framework/Versions/A/NetAuth
0x0000000026c15000 	/System/Library/PrivateFrameworks/login.framework/Versions/A/Frameworks/loginsupport.framework/Versions/A/loginsupport
0x0000000026c15000 	/System/Library/PrivateFrameworks/TCC.framework/Versions/A/TCC
0x0000000026c15000 	/usr/lib/libmecabra.dylib
0x0000000026c15000 	/System/Library/Frameworks/ApplicationServices.framework/Versions/A/Frameworks/ATS.framework/Versions/A/ATS
0x0000000026c15000 	/System/Library/Frameworks/ApplicationServices.framework/Versions/A/Frameworks/ColorSync.framework/Versions/A/ColorSync
0x0000000026c15000 	/System/Library/Frameworks/ApplicationServices.framework/Versions/A/Frameworks/HIServices.framework/Versions/A/HIServices
0x0000000026c15000 	/System/Library/Frameworks/ApplicationServices.framework/Versions/A/Frameworks/LangAnalysis.framework/Versions/A/LangAnalysis
0x0000000026c15000 	/System/Library/Frameworks/ApplicationServices.framework/Versions/A/Frameworks/PrintCore.framework/Versions/A/PrintCore
0x0000000026c15000 	/System/Library/Frameworks/ApplicationServices.framework/Versions/A/Frameworks/QD.framework/Versions/A/QD
0x0000000026c15000 	/System/Library/Frameworks/ApplicationServices.framework/Versions/A/Frameworks/SpeechSynthesis.framework/Versions/A/SpeechSynthesis
0x0000000026c15000 	/System/Library/Frameworks/Accelerate.framework/Versions/A/Frameworks/vImage.framework/Versions/A/vImage
0x0000000026c15000 	/System/Library/Frameworks/Accelerate.framework/Versions/A/Frameworks/vecLib.framework/Versions/A/vecLib
0x0000000026c15000 	/System/Library/Frameworks/Accelerate.framework/Versions/A/Frameworks/vecLib.framework/Versions/A/libvDSP.dylib
0x0000000026c15000 	/System/Library/Frameworks/Accelerate.framework/Versions/A/Frameworks/vecLib.framework/Versions/A/libBNNS.dylib
0x0000000026c15000 	/System/Library/Frameworks/Accelerate.framework/Versions/A/Frameworks/vecLib.framework/Versions/A/libQuadrature.dylib
0x0000000026c15000 	/System/Library/Frameworks/Accelerate.framework/Versions/A/Frameworks/vecLib.framework/Versions/A/libvMisc.dylib
0x0000000026c15000 	/System/Library/Frameworks/Accelerate.framework/Versions/A/Frameworks/vecLib.framework/Versions/A/libLAPACK.dylib
0x0000000026c15000 	/System/Library/Frameworks/Accelerate.framework/Versions/A/Frameworks/vecLib.framework/Versions/A/libBLAS.dylib
0x0000000026c15000 	/System/Library/Frameworks/Accelerate.framework/Versions/A/Frameworks/vecLib.framework/Versions/A/libLinearAlgebra.dylib
0x0000000026c15000 	/System/Library/Frameworks/Accelerate.framework/Versions/A/Frameworks/vecLib.framework/Versions/A/libSparseBLAS.dylib
0x0000000026c15000 	/System/Library/Frameworks/ApplicationServices.framework/Versions/A/Frameworks/ATS.framework/Versions/A/Resources/libFontParser.dylib
0x0000000026c15000 	/System/Library/Frameworks/ApplicationServices.framework/Versions/A/Frameworks/ATS.framework/Versions/A/Resources/libFontRegistry.dylib
0x0000000026c15000 	/System/Library/Frameworks/ImageIO.framework/Versions/A/Resources/libJPEG.dylib
0x0000000026c15000 	/System/Library/Frameworks/ImageIO.framework/Versions/A/Resources/libTIFF.dylib
0x0000000026c15000 	/System/Library/Frameworks/ImageIO.framework/Versions/A/Resources/libPng.dylib
0x0000000026c15000 	/System/Library/Frameworks/ImageIO.framework/Versions/A/Resources/libGIF.dylib
0x0000000026c15000 	/System/Library/Frameworks/ImageIO.framework/Versions/A/Resources/libJP2.dylib
0x0000000026c15000 	/System/Library/Frameworks/ImageIO.framework/Versions/A/Resources/libRadiance.dylib
0x0000000026c15000 	/usr/lib/libcompression.dylib
0x0000000026c15000 	/System/Library/PrivateFrameworks/AppleJPEG.framework/Versions/A/AppleJPEG
0x0000000026c15000 	/usr/lib/libcups.2.dylib
0x0000000026c15000 	/System/Library/Frameworks/Kerberos.framework/Versions/A/Kerberos
0x0000000026c15000 	/System/Library/Frameworks/GSS.framework/Versions/A/GSS
0x0000000026c15000 	/usr/lib/libresolv.9.dylib
0x0000000026c15000 	/usr/lib/libiconv.2.dylib
0x0000000026c15000 	/System/Library/PrivateFrameworks/Heimdal.framework/Versions/A/Heimdal
0x0000000026c15000 	/usr/lib/libheimdal-asn1.dylib
0x0000000026c15000 	/System/Library/Frameworks/OpenDirectory.framework/Versions/A/OpenDirectory
0x0000000026c15000 	/System/Library/PrivateFrameworks/CommonAuth.framework/Versions/A/CommonAuth
0x0000000026c15000 	/System/Library/Frameworks/OpenDirectory.framework/Versions/A/Frameworks/CFOpenDirectory.framework/Versions/A/CFOpenDirectory
0x0000000026c15000 	/System/Library/Frameworks/SecurityFoundation.framework/Versions/A/SecurityFoundation
0x0000000026c15000 	/System/Library/PrivateFrameworks/LanguageModeling.framework/Versions/A/LanguageModeling
0x0000000026c15000 	/usr/lib/libmarisa.dylib
0x0000000026c15000 	/usr/lib/libChineseTokenizer.dylib
0x0000000026c15000 	/usr/lib/libcmph.dylib
0x0000000026c15000 	/System/Library/PrivateFrameworks/CoreEmoji.framework/Versions/A/CoreEmoji
0x0000000026c15000 	/System/Library/Frameworks/ServiceManagement.framework/Versions/A/ServiceManagement
0x0000000026c15000 	/usr/lib/libxslt.1.dylib
0x0000000026c15000 	/System/Library/Frameworks/Carbon.framework/Versions/A/Frameworks/Ink.framework/Versions/A/Ink
0x0000000026c15000 	/System/Library/PrivateFrameworks/TextureIO.framework/Versions/A/TextureIO
0x0000000026c15000 	/System/Library/Frameworks/Metal.framework/Versions/A/Metal
0x0000000026c15000 	/usr/lib/libate.dylib
0x0000000026c15000 	/System/Library/PrivateFrameworks/GPUCompiler.framework/libmetal_timestamp.dylib
0x0000000026c15000 	/System/Library/Frameworks/OpenGL.framework/Versions/A/Libraries/libCoreFSCache.dylib
0x0000000026c15000 	/System/Library/PrivateFrameworks/IOAccelerator.framework/Versions/A/IOAccelerator
0x0000000026c15000 	/System/Library/Frameworks/CoreVideo.framework/Versions/A/CoreVideo
0x0000000026c15000 	/usr/lib/libFosl_dynamic.dylib
0x0000000026c15000 	/System/Library/PrivateFrameworks/MetalPerformanceShaders.framework/Versions/A/MetalPerformanceShaders
0x0000000026c15000 	/System/Library/PrivateFrameworks/FaceCore.framework/Versions/A/FaceCore
0x0000000026c15000 	/System/Library/Frameworks/OpenCL.framework/Versions/A/OpenCL
0x0000000026c15000 	/System/Library/Frameworks/OpenGL.framework/Versions/A/Libraries/libGLU.dylib
0x0000000026c15000 	/System/Library/Frameworks/OpenGL.framework/Versions/A/Libraries/libGFXShared.dylib
0x0000000026c15000 	/System/Library/Frameworks/OpenGL.framework/Versions/A/Libraries/libGL.dylib
0x0000000026c15000 	/System/Library/Frameworks/OpenGL.framework/Versions/A/Libraries/libGLImage.dylib
0x0000000026c15000 	/System/Library/Frameworks/OpenGL.framework/Versions/A/Libraries/libCVMSPluginSupport.dylib
0x0000000026c15000 	/System/Library/Frameworks/OpenGL.framework/Versions/A/Libraries/libCoreVMClient.dylib
0x0000000026c15000 	/System/Library/PrivateFrameworks/CrashReporterSupport.framework/Versions/A/CrashReporterSupport
0x0000000026c15000 	/System/Library/PrivateFrameworks/Sharing.framework/Versions/A/Sharing
0x0000000026c15000 	/System/Library/PrivateFrameworks/IconServices.framework/Versions/A/IconServices
0x0000000026c15000 	/System/Library/PrivateFrameworks/ProtocolBuffer.framework/Versions/A/ProtocolBuffer
0x0000000026c15000 	/System/Library/PrivateFrameworks/Apple80211.framework/Versions/A/Apple80211
0x0000000026c15000 	/System/Library/Frameworks/CoreWLAN.framework/Versions/A/CoreWLAN
0x0000000026c15000 	/System/Library/PrivateFrameworks/CoreUtils.framework/Versions/A/CoreUtils
0x0000000026c15000 	/System/Library/Frameworks/IOBluetooth.framework/Versions/A/IOBluetooth
0x0000000026c15000 	/System/Library/PrivateFrameworks/CoreWiFi.framework/Versions/A/CoreWiFi
0x0000000026c15000 	/System/Library/Frameworks/CoreBluetooth.framework/Versions/A/CoreBluetooth
0x0000000026c15000 	/System/Library/Frameworks/CoreDisplay.framework/Versions/A/CoreDisplay
0x0000000026c15000 	/System/Library/PrivateFrameworks/IOPresentment.framework/Versions/A/IOPresentment
0x0000000026c15000 	/System/Library/PrivateFrameworks/DebugSymbols.framework/Versions/A/DebugSymbols
0x0000000026c15000 	/System/Library/PrivateFrameworks/CoreSymbolication.framework/Versions/A/CoreSymbolication
0x0000000026c15000 	/System/Library/PrivateFrameworks/Symbolication.framework/Versions/A/Symbolication
0x0000000026c15000 	/System/Library/PrivateFrameworks/AppleFSCompression.framework/Versions/A/AppleFSCompression
0x0000000026c15000 	/System/Library/PrivateFrameworks/SpeechRecognitionCore.framework/Versions/A/SpeechRecognitionCore
0x0000000026c15000 	/System/Library/PrivateFrameworks/ChunkingLibrary.framework/Versions/A/ChunkingLibrary
0x0000000101600000 	/Library/Java/JavaVirtualMachines/jdk1.8.0_101.jdk/Contents/Home/jre/lib/server/libjvm.dylib
0x0000000026c15000 	/usr/lib/libstdc++.6.dylib
0x0000000100dcc000 	/Library/Java/JavaVirtualMachines/jdk1.8.0_101.jdk/Contents/Home/jre/lib/libverify.dylib
0x000000010259d000 	/Library/Java/JavaVirtualMachines/jdk1.8.0_101.jdk/Contents/Home/jre/lib/libjava.dylib
0x00000001025d2000 	/Library/Java/JavaVirtualMachines/jdk1.8.0_101.jdk/Contents/Home/jre/lib/libjdwp.dylib
0x0000000100ddb000 	/Library/Java/JavaVirtualMachines/jdk1.8.0_101.jdk/Contents/Home/jre/lib/libnpt.dylib
0x0000000100de8000 	/Library/Java/JavaVirtualMachines/jdk1.8.0_101.jdk/Contents/Home/jre/lib/libzip.dylib
0x0000000108f80000 	/System/Library/Frameworks/JavaVM.framework/Frameworks/JavaRuntimeSupport.framework/JavaRuntimeSupport
0x0000000108f9a000 	/System/Library/Frameworks/JavaVM.framework/Versions/A/Frameworks/JavaNativeFoundation.framework/Versions/A/JavaNativeFoundation
0x0000000100df2000 	/System/Library/Frameworks/JavaVM.framework/Versions/A/JavaVM
0x0000000026c15000 	/System/Library/Frameworks/Carbon.framework/Versions/A/Carbon
0x0000000108faf000 	/System/Library/PrivateFrameworks/JavaLaunching.framework/Versions/A/JavaLaunching
0x0000000026c15000 	/System/Library/Frameworks/Carbon.framework/Versions/A/Frameworks/CommonPanels.framework/Versions/A/CommonPanels
0x0000000026c15000 	/System/Library/Frameworks/Carbon.framework/Versions/A/Frameworks/Help.framework/Versions/A/Help
0x0000000026c15000 	/System/Library/Frameworks/Carbon.framework/Versions/A/Frameworks/ImageCapture.framework/Versions/A/ImageCapture
0x0000000026c15000 	/System/Library/Frameworks/Carbon.framework/Versions/A/Frameworks/OpenScripting.framework/Versions/A/OpenScripting
0x0000000026c15000 	/System/Library/Frameworks/Carbon.framework/Versions/A/Frameworks/Print.framework/Versions/A/Print
0x0000000026c15000 	/System/Library/Frameworks/Carbon.framework/Versions/A/Frameworks/SecurityHI.framework/Versions/A/SecurityHI
0x000000010a8bb000 	/Library/Java/JavaVirtualMachines/jdk1.8.0_101.jdk/Contents/Home/jre/lib/libdt_socket.dylib

VM Arguments:
jvm_args: -agentlib:jdwp=transport=dt_socket,suspend=y,address=localhost:49314 -Dfile.encoding=UTF-8 
java_command: wsc.ecj.gp.Evolve -file wsc.params -p composition-task=problem.xml -p composition-taxonomy=taxonomy.owl -p composition-services=services-output.xml
java_class_path (initial): /Users/chenwang/Documents/workspace/ECJTreeTest/bin:/Users/chenwang/Documents/Lib/ECJ/ecj/jar/ecj.23.jar:/Users/chenwang/Documents/Lib/JGrpahT/jgraph-5.13.0.0.jar:/Users/chenwang/Documents/Lib/JGrpahT/jgrapht-core-1.0.0.jar:/Users/chenwang/Documents/Lib/Guava/guava-20.0.jar
Launcher Type: SUN_STANDARD

Environment Variables:
PATH=/usr/bin:/bin:/usr/sbin:/sbin
SHELL=/bin/bash

Signal Handlers:
SIGSEGV: [libjvm.dylib+0x5af145], sa_mask[0]=11111111011111110111111111111111, sa_flags=SA_ONSTACK|SA_RESTART|SA_SIGINFO
SIGBUS: [libjvm.dylib+0x5af145], sa_mask[0]=11111111011111110111111111111111, sa_flags=SA_RESTART|SA_SIGINFO
SIGFPE: [libjvm.dylib+0x48694c], sa_mask[0]=11111111011111110111111111111111, sa_flags=SA_RESTART|SA_SIGINFO
SIGPIPE: [libjvm.dylib+0x48694c], sa_mask[0]=11111111011111110111111111111111, sa_flags=SA_RESTART|SA_SIGINFO
SIGXFSZ: [libjvm.dylib+0x48694c], sa_mask[0]=11111111011111110111111111111111, sa_flags=SA_RESTART|SA_SIGINFO
SIGILL: [libjvm.dylib+0x48694c], sa_mask[0]=11111111011111110111111111111111, sa_flags=SA_RESTART|SA_SIGINFO
SIGUSR1: SIG_DFL, sa_mask[0]=00000000000000000000000000000000, sa_flags=none
SIGUSR2: [libjvm.dylib+0x48646a], sa_mask[0]=00100000000000000000000000000000, sa_flags=SA_RESTART|SA_SIGINFO
SIGHUP: [libjvm.dylib+0x484a41], sa_mask[0]=11111111011111110111111111111111, sa_flags=SA_RESTART|SA_SIGINFO
SIGINT: [libjvm.dylib+0x484a41], sa_mask[0]=11111111011111110111111111111111, sa_flags=SA_RESTART|SA_SIGINFO
SIGTERM: [libjvm.dylib+0x484a41], sa_mask[0]=11111111011111110111111111111111, sa_flags=SA_RESTART|SA_SIGINFO
SIGQUIT: [libjvm.dylib+0x484a41], sa_mask[0]=11111111011111110111111111111111, sa_flags=SA_RESTART|SA_SIGINFO


---------------  S Y S T E M  ---------------

OS:Bsduname:Darwin 16.3.0 Darwin Kernel Version 16.3.0: Thu Nov 17 20:23:58 PST 2016; root:xnu-3789.31.2~1/RELEASE_X86_64 x86_64
rlimit: STACK 8192k, CORE 0k, NPROC 709, NOFILE 10240, AS infinity
load average:1.42 2.32 1.89

CPU:total 4 (2 cores per cpu, 2 threads per core) family 6 model 61 stepping 4, cmov, cx8, fxsr, mmx, sse, sse2, sse3, ssse3, sse4.1, sse4.2, popcnt, avx, avx2, aes, clmul, erms, 3dnowpref, lzcnt, ht, tsc, tscinvbit, bmi1, bmi2, adx

Memory: 4k page, physical 8388608k(2609688k free)

/proc/meminfo:


vm_info: Java HotSpot(TM) 64-Bit Server VM (25.101-b13) for bsd-amd64 JRE (1.8.0_101-b13), built on Jun 22 2016 02:42:15 by "java_re" with gcc 4.2.1 (Based on Apple Inc. build 5658) (LLVM build 2336.11.00)

time: Wed Mar  8 11:30:46 2017
elapsed time: 89 seconds (0d 0h 1m 29s)

