#
# A fatal error has been detected by the Java Runtime Environment:
#
#  SIGSEGV (0xb) at pc=0x000000010e42a5a2, pid=837, tid=0x0000000000004303
#
# JRE version: Java(TM) SE Runtime Environment (8.0_101-b13) (build 1.8.0_101-b13)
# Java VM: Java HotSpot(TM) 64-Bit Server VM (25.101-b13 mixed mode bsd-amd64 compressed oops)
# Problematic frame:
# V  [libjvm.dylib+0x44c5a2]
#
# Failed to write core dump. Core dumps have been disabled. To enable core dumping, try "ulimit -c unlimited" before starting Java again
#
# If you would like to submit a bug report, please visit:
#   http://bugreport.java.com/bugreport/crash.jsp
#

---------------  T H R E A D  ---------------

Current thread (0x00007ff03401c000):  JavaThread "JDWP Transport Listener: dt_socket" daemon [_thread_in_vm, id=17155, stack(0x000070001064e000,0x000070001074e000)]

siginfo: si_signo: 11 (SIGSEGV), si_code: 0 (unknown), si_addr: 0x0000000000000000

Registers:
RAX=0x0000000000000001, RBX=0x73656772614c137a, RCX=0x000000010e7fd360, RDX=0x000070001074da8b
RSP=0x000070001074d9d0, RBP=0x000070001074d9e0, RSI=0x00007ff03401c000, RDI=0x00007ff033460006
R8 =0x0000000000000004, R9 =0x00007ff033470280, R10=0x0000000000000001, R11=0x0000000000000005
R12=0x00007ff03401c000, R13=0x00007ff033460006, R14=0x00007ff033460006, R15=0x00007ff033608330
RIP=0x000000010e42a5a2, EFLAGS=0x0000000000010202, ERR=0x0000000000000000
  TRAPNO=0x000000000000000d

Top of Stack: (sp=0x000070001074d9d0)
0x000070001074d9d0:   000070001074da8b 000070001074da8b
0x000070001074d9e0:   000070001074da40 000000010e3360d2
0x000070001074d9f0:   00007ff03401c000 0000000000000000
0x000070001074da00:   0000000000000000 0000000000000000
0x000070001074da10:   00007ff03401c000 00007ff03401c000
0x000070001074da20:   000070001074da8b 000070001074da90
0x000070001074da30:   00007ff033460006 000000000000000e
0x000070001074da40:   000070001074da60 000000010c9ad780
0x000070001074da50:   0000000000000001 000070001074db08
0x000070001074da60:   000070001074dad0 000000010c9921f3
0x000070001074da70:   000070001074daa0 00007ff0334615d0
0x000070001074da80:   0000001100000032 000000020074db08
0x000070001074da90:   0000000000000000 0000000000000000
0x000070001074daa0:   0000000000000000 000070001074dc90
0x000070001074dab0:   000000010c9b4e7a 00007ff0334701a0
0x000070001074dac0:   000070001074db08 000000010c9c0598
0x000070001074dad0:   000070001074dae0 000000010c9922ec
0x000070001074dae0:   000070001074dd00 000000010c99b898
0x000070001074daf0:   000057de00000013 00000000000f0200
0x000070001074db00:   00007ff03346f9e0 00007ff0368010aa
0x000070001074db10:   00007ff000000406 00007ff033461da0
0x000070001074db20:   00007ff00000012c 000070001074db58
0x000070001074db30:   00007ff033470160 0000000000000000
0x000070001074db40:   000057de0000001c 0000000000000080
0x000070001074db50:   000070001074db58 f07f000011000000
0x000070001074db60:   06000000b8764133 00003e74696e693c
0x000070001074db70:   0000005629280300 7f00000100000000
0x000070001074db80:   000000c0764133f0 0000707574657305
0x000070001074db90:   452f63654c282900 6e6f6974756c6f76
0x000070001074dba0:   654c3b6574617453 502f6c6974752f63
0x000070001074dbb0:   726574656d617261 000000000056293b
0x000070001074dbc0:   33f07f0000010000 6508000000c87641 

Instructions: (pc=0x000000010e42a5a2)
0x000000010e42a582:   31 c0 5d c3 55 48 89 e5 53 48 83 ec 08 48 85 ff
0x000000010e42a592:   74 24 48 8b 1f 48 85 db 74 1c 48 83 fb 37 74 16
0x000000010e42a5a2:   48 8b 03 48 89 df ff 50 10 84 c0 b8 00 00 00 00
0x000000010e42a5b2:   48 0f 45 c3 eb 02 31 c0 48 83 c4 08 5b 5d c3 90 

Register to memory mapping:

RAX=0x0000000000000001 is an unknown value
RBX=0x73656772614c137a is an unknown value
RCX=0x000000010e7fd360: UseMembar+0 in /Library/Java/JavaVirtualMachines/jdk1.8.0_101.jdk/Contents/Home/jre/lib/server/libjvm.dylib at 0x000000010dfde000
RDX=0x000070001074da8b is pointing into the stack for thread: 0x00007ff03401c000
RSP=0x000070001074d9d0 is pointing into the stack for thread: 0x00007ff03401c000
RBP=0x000070001074d9e0 is pointing into the stack for thread: 0x00007ff03401c000
RSI=0x00007ff03401c000 is a thread
RDI=0x00007ff033460006 is an unknown value
R8 =0x0000000000000004 is an unknown value
R9 =0x00007ff033470280 is an unknown value
R10=0x0000000000000001 is an unknown value
R11=0x0000000000000005 is an unknown value
R12=0x00007ff03401c000 is a thread
R13=0x00007ff033460006 is an unknown value
R14=0x00007ff033460006 is an unknown value
R15=0x00007ff033608330 is an unknown value


Stack: [0x000070001064e000,0x000070001074e000],  sp=0x000070001074d9d0,  free space=1022k
Native frames: (J=compiled Java code, j=interpreted, Vv=VM code, C=native code)
V  [libjvm.dylib+0x44c5a2]
V  [libjvm.dylib+0x3580d2]
C  [libjdwp.dylib+0x20780]  isMethodSynthetic+0x63
C  [libjdwp.dylib+0x51f3]  methods1+0x10b
C  [libjdwp.dylib+0x52ec]  methodsWithGeneric+0xe
C  [libjdwp.dylib+0xe898]  debugLoop_run+0x1ce
C  [libjdwp.dylib+0x1f6ba]  attachThread+0x4d
V  [libjvm.dylib+0x399438]
V  [libjvm.dylib+0x5695ab]
V  [libjvm.dylib+0x56ac98]
V  [libjvm.dylib+0x48933a]
C  [libsystem_pthread.dylib+0x3aab]  _pthread_body+0xb4
C  [libsystem_pthread.dylib+0x39f7]  _pthread_body+0x0
C  [libsystem_pthread.dylib+0x31fd]  thread_start+0xd
C  0x0000000000000000


---------------  P R O C E S S  ---------------

Java Threads: ( => current thread )
  0x00007ff035053800 JavaThread "Service Thread" daemon [_thread_blocked, id=20227, stack(0x0000700010c60000,0x0000700010d60000)]
  0x00007ff035049800 JavaThread "C1 CompilerThread2" daemon [_thread_blocked, id=19715, stack(0x0000700010b5d000,0x0000700010c5d000)]
  0x00007ff03482b800 JavaThread "C2 CompilerThread1" daemon [_thread_blocked, id=19203, stack(0x0000700010a5a000,0x0000700010b5a000)]
  0x00007ff03481b000 JavaThread "C2 CompilerThread0" daemon [_thread_blocked, id=18691, stack(0x0000700010957000,0x0000700010a57000)]
  0x00007ff03402a800 JavaThread "JDWP Command Reader" daemon [_thread_in_native, id=18179, stack(0x0000700010854000,0x0000700010954000)]
  0x00007ff03504a800 JavaThread "JDWP Event Helper Thread" daemon [_thread_blocked, id=17667, stack(0x0000700010751000,0x0000700010851000)]
=>0x00007ff03401c000 JavaThread "JDWP Transport Listener: dt_socket" daemon [_thread_in_vm, id=17155, stack(0x000070001064e000,0x000070001074e000)]
  0x00007ff03502f800 JavaThread "Signal Dispatcher" daemon [_thread_blocked, id=16643, stack(0x000070001054b000,0x000070001064b000)]
  0x00007ff033801800 JavaThread "Finalizer" daemon [_thread_blocked, id=12547, stack(0x0000700010448000,0x0000700010548000)]
  0x00007ff033800800 JavaThread "Reference Handler" daemon [_thread_blocked, id=12035, stack(0x0000700010345000,0x0000700010445000)]
  0x00007ff034806800 JavaThread "main" [_thread_blocked, id=7171, stack(0x000070000fd33000,0x000070000fe33000)]

Other Threads:
  0x00007ff035047800 VMThread [stack: 0x0000700010242000,0x0000700010342000] [id=11523]
  0x00007ff03508b000 WatcherThread [stack: 0x0000700010d63000,0x0000700010e63000] [id=20739]

VM state:not at safepoint (normal execution)

VM Mutex/Monitor currently owned by a thread: None

Heap:
 PSYoungGen      total 38400K, used 22695K [0x0000000795580000, 0x0000000798000000, 0x00000007c0000000)
  eden space 33280K, 68% used [0x0000000795580000,0x0000000796ba9d98,0x0000000797600000)
  from space 5120K, 0% used [0x0000000797b00000,0x0000000797b00000,0x0000000798000000)
  to   space 5120K, 0% used [0x0000000797600000,0x0000000797600000,0x0000000797b00000)
 ParOldGen       total 87552K, used 0K [0x0000000740000000, 0x0000000745580000, 0x0000000795580000)
  object space 87552K, 0% used [0x0000000740000000,0x0000000740000000,0x0000000745580000)
 Metaspace       used 9842K, capacity 9978K, committed 10240K, reserved 1058816K
  class space    used 1149K, capacity 1215K, committed 1280K, reserved 1048576K

Card table byte_map: [0x000000010d5c0000,0x000000010d9c1000] byte_map_base: 0x0000000109bc0000

Marking Bits: (ParMarkBitMap*) 0x000000010e8cbd20
 Begin Bits: [0x000000011df7b000, 0x000000011ff7b000)
 End Bits:   [0x000000011ff7b000, 0x0000000121f7b000)

Polling page: 0x000000010c98c000

CodeCache: size=245760Kb used=3292Kb max_used=3361Kb free=242467Kb
 bounds [0x000000010ef7b000, 0x000000010f2eb000, 0x000000011df7b000]
 total_blobs=1155 nmethods=832 adapters=245
 compilation: enabled

Compilation events (10 events):
Event: 0.819 Thread 0x00007ff03481b000 nmethod 824 0x000000010f271d10 code [0x000000010f271e80, 0x000000010f2721d8]
Event: 0.819 Thread 0x00007ff03481b000  778       4       wsc.data.pool.Service::searchServiceGraphMatchFromInputSet (797 bytes)
Event: 0.851 Thread 0x00007ff03482b800 nmethod 758 0x000000010f279d90 code [0x000000010f27a140, 0x000000010f27ccb8]
Event: 0.852 Thread 0x00007ff03482b800  802       4       wsc.InitialWSCPool::checkOutputSet (738 bytes)
Event: 1.579 Thread 0x00007ff03482b800 nmethod 802 0x000000010f28dd50 code [0x000000010f28e860, 0x000000010f29c8f8]
Event: 1.726 Thread 0x00007ff03481b000 nmethod 778 0x000000010f2ba890 code [0x000000010f2bb440, 0x000000010f2cc3e8]
Event: 6.147 Thread 0x00007ff035049800  832       1       java.lang.invoke.MethodTypeForm::basicType (5 bytes)
Event: 6.147 Thread 0x00007ff035049800 nmethod 832 0x000000010f26b350 code [0x000000010f26b4a0, 0x000000010f26b5b0]
Event: 8.391 Thread 0x00007ff035049800  833       3       sun.invoke.util.Wrapper::forBasicType (16 bytes)
Event: 8.391 Thread 0x00007ff035049800 nmethod 833 0x000000010f271810 code [0x000000010f2719a0, 0x000000010f271c18]

GC Heap History (0 events):
No events

Deoptimization events (9 events):
Event: 0.653 Thread 0x00007ff034806800 Uncommon trap: reason=bimorphic action=maybe_recompile pc=0x000000010f1854e0 method=java.util.HashMap.getNode(ILjava/lang/Object;)Ljava/util/HashMap$Node; @ 126
Event: 0.653 Thread 0x00007ff034806800 Uncommon trap: reason=bimorphic action=maybe_recompile pc=0x000000010f1854e0 method=java.util.HashMap.getNode(ILjava/lang/Object;)Ljava/util/HashMap$Node; @ 126
Event: 0.654 Thread 0x00007ff034806800 Uncommon trap: reason=bimorphic action=maybe_recompile pc=0x000000010f1854e0 method=java.util.HashMap.getNode(ILjava/lang/Object;)Ljava/util/HashMap$Node; @ 126
Event: 0.656 Thread 0x00007ff034806800 Uncommon trap: reason=bimorphic action=maybe_recompile pc=0x000000010f1854e0 method=java.util.HashMap.getNode(ILjava/lang/Object;)Ljava/util/HashMap$Node; @ 126
Event: 0.657 Thread 0x00007ff034806800 Uncommon trap: reason=bimorphic action=maybe_recompile pc=0x000000010f155e10 method=java.util.HashMap.getNode(ILjava/lang/Object;)Ljava/util/HashMap$Node; @ 126
Event: 6.147 Thread 0x00007ff034806800 Uncommon trap: reason=class_check action=maybe_recompile pc=0x000000010f2711c4 method=java.util.Arrays.hashCode([Ljava/lang/Object;)I @ 43
Event: 6.147 Thread 0x00007ff034806800 Uncommon trap: reason=class_check action=maybe_recompile pc=0x000000010f2711c4 method=java.util.Arrays.hashCode([Ljava/lang/Object;)I @ 43
Event: 6.149 Thread 0x00007ff034806800 Uncommon trap: reason=class_check action=maybe_recompile pc=0x000000010f2711c4 method=java.util.Arrays.hashCode([Ljava/lang/Object;)I @ 43
Event: 8.391 Thread 0x00007ff034806800 Uncommon trap: reason=class_check action=maybe_recompile pc=0x000000010f2711c4 method=java.util.Arrays.hashCode([Ljava/lang/Object;)I @ 43

Internal exceptions (10 events):
Event: 0.252 Thread 0x00007ff034806800 Exception <a 'java/lang/NullPointerException'> (0x000000079595f4d8) thrown at [/HUDSON3/workspace/8-2-build-macosx-x86_64/jdk8u101/7261/hotspot/src/share/vm/interpreter/linkResolver.cpp, line 1280]
Event: 0.273 Thread 0x00007ff034806800 Exception <a 'java/lang/ArrayIndexOutOfBoundsException'> (0x0000000795995538) thrown at [/HUDSON3/workspace/8-2-build-macosx-x86_64/jdk8u101/7261/hotspot/src/share/vm/runtime/sharedRuntime.cpp, line 605]
Event: 0.273 Thread 0x00007ff034806800 Exception <a 'java/lang/ArrayIndexOutOfBoundsException'> (0x0000000795996350) thrown at [/HUDSON3/workspace/8-2-build-macosx-x86_64/jdk8u101/7261/hotspot/src/share/vm/runtime/sharedRuntime.cpp, line 605]
Event: 0.273 Thread 0x00007ff034806800 Exception <a 'java/lang/ArrayIndexOutOfBoundsException'> (0x0000000795997258) thrown at [/HUDSON3/workspace/8-2-build-macosx-x86_64/jdk8u101/7261/hotspot/src/share/vm/runtime/sharedRuntime.cpp, line 605]
Event: 0.274 Thread 0x00007ff034806800 Exception <a 'java/lang/ArrayIndexOutOfBoundsException'> (0x000000079599a088) thrown at [/HUDSON3/workspace/8-2-build-macosx-x86_64/jdk8u101/7261/hotspot/src/share/vm/runtime/sharedRuntime.cpp, line 605]
Event: 0.274 Thread 0x00007ff034806800 Exception <a 'java/lang/ArrayIndexOutOfBoundsException'> (0x000000079599b100) thrown at [/HUDSON3/workspace/8-2-build-macosx-x86_64/jdk8u101/7261/hotspot/src/share/vm/runtime/sharedRuntime.cpp, line 605]
Event: 0.275 Thread 0x00007ff034806800 Exception <a 'java/lang/ArrayIndexOutOfBoundsException'> (0x000000079599c090) thrown at [/HUDSON3/workspace/8-2-build-macosx-x86_64/jdk8u101/7261/hotspot/src/share/vm/runtime/sharedRuntime.cpp, line 605]
Event: 0.288 Thread 0x00007ff034806800 Exception <a 'java/lang/ArrayIndexOutOfBoundsException'> (0x00000007959be7b0) thrown at [/HUDSON3/workspace/8-2-build-macosx-x86_64/jdk8u101/7261/hotspot/src/share/vm/runtime/sharedRuntime.cpp, line 605]
Event: 0.535 Thread 0x00007ff034806800 Exception <a 'java/lang/NoSuchFieldError': method resolution failed> (0x0000000795d4dc20) thrown at [/HUDSON3/workspace/8-2-build-macosx-x86_64/jdk8u101/7261/hotspot/src/share/vm/prims/methodHandles.cpp, line 1146]
Event: 0.539 Thread 0x00007ff034806800 Exception <a 'java/lang/NoSuchFieldError': method resolution failed> (0x0000000795d5af40) thrown at [/HUDSON3/workspace/8-2-build-macosx-x86_64/jdk8u101/7261/hotspot/src/share/vm/prims/methodHandles.cpp, line 1146]

Events (10 events):
Event: 143.220 Executing VM operation: GetCurrentLocation
Event: 143.220 Executing VM operation: GetCurrentLocation done
Event: 143.220 Executing VM operation: EnterInterpOnlyMode
Event: 143.220 Executing VM operation: EnterInterpOnlyMode done
Event: 143.220 Executing VM operation: ChangeSingleStep
Event: 143.220 Executing VM operation: ChangeSingleStep done
Event: 143.220 Executing VM operation: ChangeSingleStep
Event: 143.220 Executing VM operation: ChangeSingleStep done
Event: 143.223 Executing VM operation: RedefineClasses
Event: 143.227 Executing VM operation: RedefineClasses done


Dynamic libraries:
0x000000003d2bd000 	/System/Library/Frameworks/Cocoa.framework/Versions/A/Cocoa
0x000000003d2bd000 	/System/Library/Frameworks/Security.framework/Versions/A/Security
0x000000003d2bd000 	/System/Library/Frameworks/ApplicationServices.framework/Versions/A/ApplicationServices
0x000000003d2bd000 	/usr/lib/libz.1.dylib
0x000000003d2bd000 	/usr/lib/libSystem.B.dylib
0x000000003d2bd000 	/usr/lib/libobjc.A.dylib
0x000000003d2bd000 	/System/Library/Frameworks/CoreFoundation.framework/Versions/A/CoreFoundation
0x000000003d2bd000 	/System/Library/Frameworks/Foundation.framework/Versions/C/Foundation
0x000000003d2bd000 	/System/Library/Frameworks/AppKit.framework/Versions/C/AppKit
0x000000003d2bd000 	/System/Library/Frameworks/CoreData.framework/Versions/A/CoreData
0x000000003d2bd000 	/System/Library/PrivateFrameworks/RemoteViewServices.framework/Versions/A/RemoteViewServices
0x000000003d2bd000 	/System/Library/PrivateFrameworks/UIFoundation.framework/Versions/A/UIFoundation
0x000000003d2bd000 	/System/Library/PrivateFrameworks/DFRFoundation.framework/Versions/A/DFRFoundation
0x000000003d2bd000 	/usr/lib/libenergytrace.dylib
0x000000003d2bd000 	/System/Library/PrivateFrameworks/SkyLight.framework/Versions/A/SkyLight
0x000000003d2bd000 	/System/Library/Frameworks/CoreGraphics.framework/Versions/A/CoreGraphics
0x000000003d2bd000 	/usr/lib/libScreenReader.dylib
0x000000003d2bd000 	/System/Library/Frameworks/Accelerate.framework/Versions/A/Accelerate
0x000000003d2bd000 	/System/Library/Frameworks/IOSurface.framework/Versions/A/IOSurface
0x000000003d2bd000 	/System/Library/Frameworks/AudioToolbox.framework/Versions/A/AudioToolbox
0x000000003d2bd000 	/System/Library/Frameworks/AudioUnit.framework/Versions/A/AudioUnit
0x000000003d2bd000 	/System/Library/PrivateFrameworks/DataDetectorsCore.framework/Versions/A/DataDetectorsCore
0x000000003d2bd000 	/System/Library/PrivateFrameworks/DesktopServicesPriv.framework/Versions/A/DesktopServicesPriv
0x000000003d2bd000 	/System/Library/Frameworks/Carbon.framework/Versions/A/Frameworks/HIToolbox.framework/Versions/A/HIToolbox
0x000000003d2bd000 	/usr/lib/libicucore.A.dylib
0x000000003d2bd000 	/System/Library/Frameworks/QuartzCore.framework/Versions/A/QuartzCore
0x000000003d2bd000 	/System/Library/Frameworks/Carbon.framework/Versions/A/Frameworks/SpeechRecognition.framework/Versions/A/SpeechRecognition
0x000000003d2bd000 	/usr/lib/libauto.dylib
0x000000003d2bd000 	/usr/lib/libxml2.2.dylib
0x000000003d2bd000 	/System/Library/PrivateFrameworks/CoreUI.framework/Versions/A/CoreUI
0x000000003d2bd000 	/System/Library/Frameworks/CoreAudio.framework/Versions/A/CoreAudio
0x000000003d2bd000 	/System/Library/Frameworks/DiskArbitration.framework/Versions/A/DiskArbitration
0x000000003d2bd000 	/usr/lib/liblangid.dylib
0x000000003d2bd000 	/System/Library/PrivateFrameworks/MultitouchSupport.framework/Versions/A/MultitouchSupport
0x000000003d2bd000 	/System/Library/Frameworks/IOKit.framework/Versions/A/IOKit
0x000000003d2bd000 	/usr/lib/libDiagnosticMessagesClient.dylib
0x000000003d2bd000 	/System/Library/Frameworks/CoreServices.framework/Versions/A/CoreServices
0x000000003d2bd000 	/System/Library/PrivateFrameworks/PerformanceAnalysis.framework/Versions/A/PerformanceAnalysis
0x000000003d2bd000 	/System/Library/PrivateFrameworks/GenerationalStorage.framework/Versions/A/GenerationalStorage
0x000000003d2bd000 	/System/Library/Frameworks/OpenGL.framework/Versions/A/OpenGL
0x000000003d2bd000 	/System/Library/Frameworks/CoreImage.framework/Versions/A/CoreImage
0x000000003d2bd000 	/System/Library/Frameworks/CoreText.framework/Versions/A/CoreText
0x000000003d2bd000 	/System/Library/Frameworks/ImageIO.framework/Versions/A/ImageIO
0x000000003d2bd000 	/System/Library/PrivateFrameworks/Backup.framework/Versions/A/Backup
0x000000003d2bd000 	/usr/lib/libarchive.2.dylib
0x000000003d2bd000 	/System/Library/Frameworks/CFNetwork.framework/Versions/A/CFNetwork
0x000000003d2bd000 	/System/Library/Frameworks/SystemConfiguration.framework/Versions/A/SystemConfiguration
0x000000003d2bd000 	/usr/lib/libCRFSuite.dylib
0x000000003d2bd000 	/usr/lib/libc++.1.dylib
0x000000003d2bd000 	/usr/lib/libc++abi.dylib
0x000000003d2bd000 	/usr/lib/system/libcache.dylib
0x000000003d2bd000 	/usr/lib/system/libcommonCrypto.dylib
0x000000003d2bd000 	/usr/lib/system/libcompiler_rt.dylib
0x000000003d2bd000 	/usr/lib/system/libcopyfile.dylib
0x000000003d2bd000 	/usr/lib/system/libcorecrypto.dylib
0x000000003d2bd000 	/usr/lib/system/libdispatch.dylib
0x000000003d2bd000 	/usr/lib/system/libdyld.dylib
0x000000003d2bd000 	/usr/lib/system/libkeymgr.dylib
0x000000003d2bd000 	/usr/lib/system/liblaunch.dylib
0x000000003d2bd000 	/usr/lib/system/libmacho.dylib
0x000000003d2bd000 	/usr/lib/system/libquarantine.dylib
0x000000003d2bd000 	/usr/lib/system/libremovefile.dylib
0x000000003d2bd000 	/usr/lib/system/libsystem_asl.dylib
0x000000003d2bd000 	/usr/lib/system/libsystem_blocks.dylib
0x000000003d2bd000 	/usr/lib/system/libsystem_c.dylib
0x000000003d2bd000 	/usr/lib/system/libsystem_configuration.dylib
0x000000003d2bd000 	/usr/lib/system/libsystem_coreservices.dylib
0x000000003d2bd000 	/usr/lib/system/libsystem_coretls.dylib
0x000000003d2bd000 	/usr/lib/system/libsystem_dnssd.dylib
0x000000003d2bd000 	/usr/lib/system/libsystem_info.dylib
0x000000003d2bd000 	/usr/lib/system/libsystem_kernel.dylib
0x000000003d2bd000 	/usr/lib/system/libsystem_m.dylib
0x000000003d2bd000 	/usr/lib/system/libsystem_malloc.dylib
0x000000003d2bd000 	/usr/lib/system/libsystem_network.dylib
0x000000003d2bd000 	/usr/lib/system/libsystem_networkextension.dylib
0x000000003d2bd000 	/usr/lib/system/libsystem_notify.dylib
0x000000003d2bd000 	/usr/lib/system/libsystem_platform.dylib
0x000000003d2bd000 	/usr/lib/system/libsystem_pthread.dylib
0x000000003d2bd000 	/usr/lib/system/libsystem_sandbox.dylib
0x000000003d2bd000 	/usr/lib/system/libsystem_secinit.dylib
0x000000003d2bd000 	/usr/lib/system/libsystem_symptoms.dylib
0x000000003d2bd000 	/usr/lib/system/libsystem_trace.dylib
0x000000003d2bd000 	/usr/lib/system/libunwind.dylib
0x000000003d2bd000 	/usr/lib/system/libxpc.dylib
0x000000003d2bd000 	/usr/lib/libbsm.0.dylib
0x000000003d2bd000 	/usr/lib/system/libkxld.dylib
0x000000003d2bd000 	/usr/lib/libcoretls.dylib
0x000000003d2bd000 	/usr/lib/libcoretls_cfhelpers.dylib
0x000000003d2bd000 	/usr/lib/libxar.1.dylib
0x000000003d2bd000 	/usr/lib/libsqlite3.dylib
0x000000003d2bd000 	/usr/lib/libpam.2.dylib
0x000000003d2bd000 	/usr/lib/libOpenScriptingUtil.dylib
0x000000003d2bd000 	/usr/lib/libbz2.1.0.dylib
0x000000003d2bd000 	/usr/lib/liblzma.5.dylib
0x000000003d2bd000 	/usr/lib/libnetwork.dylib
0x000000003d2bd000 	/usr/lib/libpcap.A.dylib
0x000000003d2bd000 	/System/Library/Frameworks/CoreServices.framework/Versions/A/Frameworks/FSEvents.framework/Versions/A/FSEvents
0x000000003d2bd000 	/System/Library/Frameworks/CoreServices.framework/Versions/A/Frameworks/CarbonCore.framework/Versions/A/CarbonCore
0x000000003d2bd000 	/System/Library/Frameworks/CoreServices.framework/Versions/A/Frameworks/Metadata.framework/Versions/A/Metadata
0x000000003d2bd000 	/System/Library/Frameworks/CoreServices.framework/Versions/A/Frameworks/OSServices.framework/Versions/A/OSServices
0x000000003d2bd000 	/System/Library/Frameworks/CoreServices.framework/Versions/A/Frameworks/SearchKit.framework/Versions/A/SearchKit
0x000000003d2bd000 	/System/Library/Frameworks/CoreServices.framework/Versions/A/Frameworks/AE.framework/Versions/A/AE
0x000000003d2bd000 	/System/Library/Frameworks/CoreServices.framework/Versions/A/Frameworks/LaunchServices.framework/Versions/A/LaunchServices
0x000000003d2bd000 	/System/Library/Frameworks/CoreServices.framework/Versions/A/Frameworks/DictionaryServices.framework/Versions/A/DictionaryServices
0x000000003d2bd000 	/System/Library/Frameworks/CoreServices.framework/Versions/A/Frameworks/SharedFileList.framework/Versions/A/SharedFileList
0x000000003d2bd000 	/System/Library/Frameworks/NetFS.framework/Versions/A/NetFS
0x000000003d2bd000 	/System/Library/PrivateFrameworks/NetAuth.framework/Versions/A/NetAuth
0x000000003d2bd000 	/System/Library/PrivateFrameworks/login.framework/Versions/A/Frameworks/loginsupport.framework/Versions/A/loginsupport
0x000000003d2bd000 	/System/Library/PrivateFrameworks/TCC.framework/Versions/A/TCC
0x000000003d2bd000 	/usr/lib/libmecabra.dylib
0x000000003d2bd000 	/System/Library/Frameworks/ApplicationServices.framework/Versions/A/Frameworks/ATS.framework/Versions/A/ATS
0x000000003d2bd000 	/System/Library/Frameworks/ApplicationServices.framework/Versions/A/Frameworks/ColorSync.framework/Versions/A/ColorSync
0x000000003d2bd000 	/System/Library/Frameworks/ApplicationServices.framework/Versions/A/Frameworks/HIServices.framework/Versions/A/HIServices
0x000000003d2bd000 	/System/Library/Frameworks/ApplicationServices.framework/Versions/A/Frameworks/LangAnalysis.framework/Versions/A/LangAnalysis
0x000000003d2bd000 	/System/Library/Frameworks/ApplicationServices.framework/Versions/A/Frameworks/PrintCore.framework/Versions/A/PrintCore
0x000000003d2bd000 	/System/Library/Frameworks/ApplicationServices.framework/Versions/A/Frameworks/QD.framework/Versions/A/QD
0x000000003d2bd000 	/System/Library/Frameworks/ApplicationServices.framework/Versions/A/Frameworks/SpeechSynthesis.framework/Versions/A/SpeechSynthesis
0x000000003d2bd000 	/System/Library/Frameworks/Accelerate.framework/Versions/A/Frameworks/vImage.framework/Versions/A/vImage
0x000000003d2bd000 	/System/Library/Frameworks/Accelerate.framework/Versions/A/Frameworks/vecLib.framework/Versions/A/vecLib
0x000000003d2bd000 	/System/Library/Frameworks/Accelerate.framework/Versions/A/Frameworks/vecLib.framework/Versions/A/libvDSP.dylib
0x000000003d2bd000 	/System/Library/Frameworks/Accelerate.framework/Versions/A/Frameworks/vecLib.framework/Versions/A/libBNNS.dylib
0x000000003d2bd000 	/System/Library/Frameworks/Accelerate.framework/Versions/A/Frameworks/vecLib.framework/Versions/A/libQuadrature.dylib
0x000000003d2bd000 	/System/Library/Frameworks/Accelerate.framework/Versions/A/Frameworks/vecLib.framework/Versions/A/libvMisc.dylib
0x000000003d2bd000 	/System/Library/Frameworks/Accelerate.framework/Versions/A/Frameworks/vecLib.framework/Versions/A/libLAPACK.dylib
0x000000003d2bd000 	/System/Library/Frameworks/Accelerate.framework/Versions/A/Frameworks/vecLib.framework/Versions/A/libBLAS.dylib
0x000000003d2bd000 	/System/Library/Frameworks/Accelerate.framework/Versions/A/Frameworks/vecLib.framework/Versions/A/libLinearAlgebra.dylib
0x000000003d2bd000 	/System/Library/Frameworks/Accelerate.framework/Versions/A/Frameworks/vecLib.framework/Versions/A/libSparseBLAS.dylib
0x000000003d2bd000 	/System/Library/Frameworks/ApplicationServices.framework/Versions/A/Frameworks/ATS.framework/Versions/A/Resources/libFontParser.dylib
0x000000003d2bd000 	/System/Library/Frameworks/ApplicationServices.framework/Versions/A/Frameworks/ATS.framework/Versions/A/Resources/libFontRegistry.dylib
0x000000003d2bd000 	/System/Library/Frameworks/ImageIO.framework/Versions/A/Resources/libJPEG.dylib
0x000000003d2bd000 	/System/Library/Frameworks/ImageIO.framework/Versions/A/Resources/libTIFF.dylib
0x000000003d2bd000 	/System/Library/Frameworks/ImageIO.framework/Versions/A/Resources/libPng.dylib
0x000000003d2bd000 	/System/Library/Frameworks/ImageIO.framework/Versions/A/Resources/libGIF.dylib
0x000000003d2bd000 	/System/Library/Frameworks/ImageIO.framework/Versions/A/Resources/libJP2.dylib
0x000000003d2bd000 	/System/Library/Frameworks/ImageIO.framework/Versions/A/Resources/libRadiance.dylib
0x000000003d2bd000 	/usr/lib/libcompression.dylib
0x000000003d2bd000 	/System/Library/PrivateFrameworks/AppleJPEG.framework/Versions/A/AppleJPEG
0x000000003d2bd000 	/usr/lib/libcups.2.dylib
0x000000003d2bd000 	/System/Library/Frameworks/Kerberos.framework/Versions/A/Kerberos
0x000000003d2bd000 	/System/Library/Frameworks/GSS.framework/Versions/A/GSS
0x000000003d2bd000 	/usr/lib/libresolv.9.dylib
0x000000003d2bd000 	/usr/lib/libiconv.2.dylib
0x000000003d2bd000 	/System/Library/PrivateFrameworks/Heimdal.framework/Versions/A/Heimdal
0x000000003d2bd000 	/usr/lib/libheimdal-asn1.dylib
0x000000003d2bd000 	/System/Library/Frameworks/OpenDirectory.framework/Versions/A/OpenDirectory
0x000000003d2bd000 	/System/Library/PrivateFrameworks/CommonAuth.framework/Versions/A/CommonAuth
0x000000003d2bd000 	/System/Library/Frameworks/OpenDirectory.framework/Versions/A/Frameworks/CFOpenDirectory.framework/Versions/A/CFOpenDirectory
0x000000003d2bd000 	/System/Library/Frameworks/SecurityFoundation.framework/Versions/A/SecurityFoundation
0x000000003d2bd000 	/System/Library/PrivateFrameworks/LanguageModeling.framework/Versions/A/LanguageModeling
0x000000003d2bd000 	/usr/lib/libmarisa.dylib
0x000000003d2bd000 	/usr/lib/libChineseTokenizer.dylib
0x000000003d2bd000 	/usr/lib/libcmph.dylib
0x000000003d2bd000 	/System/Library/PrivateFrameworks/CoreEmoji.framework/Versions/A/CoreEmoji
0x000000003d2bd000 	/System/Library/Frameworks/ServiceManagement.framework/Versions/A/ServiceManagement
0x000000003d2bd000 	/usr/lib/libxslt.1.dylib
0x000000003d2bd000 	/System/Library/Frameworks/Carbon.framework/Versions/A/Frameworks/Ink.framework/Versions/A/Ink
0x000000003d2bd000 	/System/Library/PrivateFrameworks/TextureIO.framework/Versions/A/TextureIO
0x000000003d2bd000 	/System/Library/Frameworks/Metal.framework/Versions/A/Metal
0x000000003d2bd000 	/usr/lib/libate.dylib
0x000000003d2bd000 	/System/Library/PrivateFrameworks/GPUCompiler.framework/libmetal_timestamp.dylib
0x000000003d2bd000 	/System/Library/Frameworks/OpenGL.framework/Versions/A/Libraries/libCoreFSCache.dylib
0x000000003d2bd000 	/System/Library/PrivateFrameworks/IOAccelerator.framework/Versions/A/IOAccelerator
0x000000003d2bd000 	/System/Library/Frameworks/CoreVideo.framework/Versions/A/CoreVideo
0x000000003d2bd000 	/usr/lib/libFosl_dynamic.dylib
0x000000003d2bd000 	/System/Library/PrivateFrameworks/MetalPerformanceShaders.framework/Versions/A/MetalPerformanceShaders
0x000000003d2bd000 	/System/Library/PrivateFrameworks/FaceCore.framework/Versions/A/FaceCore
0x000000003d2bd000 	/System/Library/Frameworks/OpenCL.framework/Versions/A/OpenCL
0x000000003d2bd000 	/System/Library/Frameworks/OpenGL.framework/Versions/A/Libraries/libGLU.dylib
0x000000003d2bd000 	/System/Library/Frameworks/OpenGL.framework/Versions/A/Libraries/libGFXShared.dylib
0x000000003d2bd000 	/System/Library/Frameworks/OpenGL.framework/Versions/A/Libraries/libGL.dylib
0x000000003d2bd000 	/System/Library/Frameworks/OpenGL.framework/Versions/A/Libraries/libGLImage.dylib
0x000000003d2bd000 	/System/Library/Frameworks/OpenGL.framework/Versions/A/Libraries/libCVMSPluginSupport.dylib
0x000000003d2bd000 	/System/Library/Frameworks/OpenGL.framework/Versions/A/Libraries/libCoreVMClient.dylib
0x000000003d2bd000 	/System/Library/PrivateFrameworks/CrashReporterSupport.framework/Versions/A/CrashReporterSupport
0x000000003d2bd000 	/System/Library/PrivateFrameworks/Sharing.framework/Versions/A/Sharing
0x000000003d2bd000 	/System/Library/PrivateFrameworks/IconServices.framework/Versions/A/IconServices
0x000000003d2bd000 	/System/Library/PrivateFrameworks/ProtocolBuffer.framework/Versions/A/ProtocolBuffer
0x000000003d2bd000 	/System/Library/PrivateFrameworks/Apple80211.framework/Versions/A/Apple80211
0x000000003d2bd000 	/System/Library/Frameworks/CoreWLAN.framework/Versions/A/CoreWLAN
0x000000003d2bd000 	/System/Library/PrivateFrameworks/CoreUtils.framework/Versions/A/CoreUtils
0x000000003d2bd000 	/System/Library/Frameworks/IOBluetooth.framework/Versions/A/IOBluetooth
0x000000003d2bd000 	/System/Library/PrivateFrameworks/CoreWiFi.framework/Versions/A/CoreWiFi
0x000000003d2bd000 	/System/Library/Frameworks/CoreBluetooth.framework/Versions/A/CoreBluetooth
0x000000003d2bd000 	/System/Library/Frameworks/CoreDisplay.framework/Versions/A/CoreDisplay
0x000000003d2bd000 	/System/Library/PrivateFrameworks/IOPresentment.framework/Versions/A/IOPresentment
0x000000003d2bd000 	/System/Library/PrivateFrameworks/DebugSymbols.framework/Versions/A/DebugSymbols
0x000000003d2bd000 	/System/Library/PrivateFrameworks/CoreSymbolication.framework/Versions/A/CoreSymbolication
0x000000003d2bd000 	/System/Library/PrivateFrameworks/Symbolication.framework/Versions/A/Symbolication
0x000000003d2bd000 	/System/Library/PrivateFrameworks/AppleFSCompression.framework/Versions/A/AppleFSCompression
0x000000003d2bd000 	/System/Library/PrivateFrameworks/SpeechRecognitionCore.framework/Versions/A/SpeechRecognitionCore
0x000000003d2bd000 	/System/Library/PrivateFrameworks/ChunkingLibrary.framework/Versions/A/ChunkingLibrary
0x000000010dfde000 	/Library/Java/JavaVirtualMachines/jdk1.8.0_101.jdk/Contents/Home/jre/lib/server/libjvm.dylib
0x000000003d2bd000 	/usr/lib/libstdc++.6.dylib
0x000000010c949000 	/Library/Java/JavaVirtualMachines/jdk1.8.0_101.jdk/Contents/Home/jre/lib/libverify.dylib
0x000000010c957000 	/Library/Java/JavaVirtualMachines/jdk1.8.0_101.jdk/Contents/Home/jre/lib/libjava.dylib
0x000000010c98d000 	/Library/Java/JavaVirtualMachines/jdk1.8.0_101.jdk/Contents/Home/jre/lib/libjdwp.dylib
0x000000010c9d8000 	/Library/Java/JavaVirtualMachines/jdk1.8.0_101.jdk/Contents/Home/jre/lib/libnpt.dylib
0x000000010c9e5000 	/Library/Java/JavaVirtualMachines/jdk1.8.0_101.jdk/Contents/Home/jre/lib/libzip.dylib
0x0000000123ba0000 	/System/Library/Frameworks/JavaVM.framework/Frameworks/JavaRuntimeSupport.framework/JavaRuntimeSupport
0x000000010df3e000 	/System/Library/Frameworks/JavaVM.framework/Versions/A/Frameworks/JavaNativeFoundation.framework/Versions/A/JavaNativeFoundation
0x000000010c9ef000 	/System/Library/Frameworks/JavaVM.framework/Versions/A/JavaVM
0x000000003d2bd000 	/System/Library/Frameworks/Carbon.framework/Versions/A/Carbon
0x0000000123bba000 	/System/Library/PrivateFrameworks/JavaLaunching.framework/Versions/A/JavaLaunching
0x000000003d2bd000 	/System/Library/Frameworks/Carbon.framework/Versions/A/Frameworks/CommonPanels.framework/Versions/A/CommonPanels
0x000000003d2bd000 	/System/Library/Frameworks/Carbon.framework/Versions/A/Frameworks/Help.framework/Versions/A/Help
0x000000003d2bd000 	/System/Library/Frameworks/Carbon.framework/Versions/A/Frameworks/ImageCapture.framework/Versions/A/ImageCapture
0x000000003d2bd000 	/System/Library/Frameworks/Carbon.framework/Versions/A/Frameworks/OpenScripting.framework/Versions/A/OpenScripting
0x000000003d2bd000 	/System/Library/Frameworks/Carbon.framework/Versions/A/Frameworks/Print.framework/Versions/A/Print
0x000000003d2bd000 	/System/Library/Frameworks/Carbon.framework/Versions/A/Frameworks/SecurityHI.framework/Versions/A/SecurityHI
0x00000001254c2000 	/Library/Java/JavaVirtualMachines/jdk1.8.0_101.jdk/Contents/Home/jre/lib/libdt_socket.dylib

VM Arguments:
jvm_args: -agentlib:jdwp=transport=dt_socket,suspend=y,address=localhost:49634 -Dfile.encoding=UTF-8 
java_command: wsc.ecj.gp.Evolve -file wsc.params -p composition-task=problem.xml -p composition-taxonomy=taxonomy.owl -p composition-services=services-output.xml
java_class_path (initial): /Users/chenwang/Documents/workspace/ECJTreeTest/bin:/Users/chenwang/Documents/Lib/ECJ/ecj/jar/ecj.23.jar:/Users/chenwang/Documents/Lib/JGrpahT/jgraph-5.13.0.0.jar:/Users/chenwang/Documents/Lib/JGrpahT/jgrapht-core-1.0.0.jar:/Users/chenwang/Documents/Lib/Guava/guava-20.0.jar
Launcher Type: SUN_STANDARD

Environment Variables:
PATH=/usr/bin:/bin:/usr/sbin:/sbin
SHELL=/bin/bash

Signal Handlers:
SIGSEGV: [libjvm.dylib+0x5af145], sa_mask[0]=11111111011111110111111111111111, sa_flags=SA_ONSTACK|SA_RESTART|SA_SIGINFO
SIGBUS: [libjvm.dylib+0x5af145], sa_mask[0]=11111111011111110111111111111111, sa_flags=SA_RESTART|SA_SIGINFO
SIGFPE: [libjvm.dylib+0x48694c], sa_mask[0]=11111111011111110111111111111111, sa_flags=SA_RESTART|SA_SIGINFO
SIGPIPE: [libjvm.dylib+0x48694c], sa_mask[0]=11111111011111110111111111111111, sa_flags=SA_RESTART|SA_SIGINFO
SIGXFSZ: [libjvm.dylib+0x48694c], sa_mask[0]=11111111011111110111111111111111, sa_flags=SA_RESTART|SA_SIGINFO
SIGILL: [libjvm.dylib+0x48694c], sa_mask[0]=11111111011111110111111111111111, sa_flags=SA_RESTART|SA_SIGINFO
SIGUSR1: SIG_DFL, sa_mask[0]=00000000000000000000000000000000, sa_flags=none
SIGUSR2: [libjvm.dylib+0x48646a], sa_mask[0]=00100000000000000000000000000000, sa_flags=SA_RESTART|SA_SIGINFO
SIGHUP: [libjvm.dylib+0x484a41], sa_mask[0]=11111111011111110111111111111111, sa_flags=SA_RESTART|SA_SIGINFO
SIGINT: [libjvm.dylib+0x484a41], sa_mask[0]=11111111011111110111111111111111, sa_flags=SA_RESTART|SA_SIGINFO
SIGTERM: [libjvm.dylib+0x484a41], sa_mask[0]=11111111011111110111111111111111, sa_flags=SA_RESTART|SA_SIGINFO
SIGQUIT: [libjvm.dylib+0x484a41], sa_mask[0]=11111111011111110111111111111111, sa_flags=SA_RESTART|SA_SIGINFO


---------------  S Y S T E M  ---------------

OS:Bsduname:Darwin 16.3.0 Darwin Kernel Version 16.3.0: Thu Nov 17 20:23:58 PST 2016; root:xnu-3789.31.2~1/RELEASE_X86_64 x86_64
rlimit: STACK 8192k, CORE 0k, NPROC 709, NOFILE 10240, AS infinity
load average:1.37 1.42 1.46

CPU:total 4 (2 cores per cpu, 2 threads per core) family 6 model 61 stepping 4, cmov, cx8, fxsr, mmx, sse, sse2, sse3, ssse3, sse4.1, sse4.2, popcnt, avx, avx2, aes, clmul, erms, 3dnowpref, lzcnt, ht, tsc, tscinvbit, bmi1, bmi2, adx

Memory: 4k page, physical 8388608k(2264428k free)

/proc/meminfo:


vm_info: Java HotSpot(TM) 64-Bit Server VM (25.101-b13) for bsd-amd64 JRE (1.8.0_101-b13), built on Jun 22 2016 02:42:15 by "java_re" with gcc 4.2.1 (Based on Apple Inc. build 5658) (LLVM build 2336.11.00)

time: Thu Feb 16 14:41:16 2017
elapsed time: 143 seconds (0d 0h 2m 23s)

